

================================================================
== Synthesis Summary Report of 'axis_gemv_fixed'
================================================================
+ General Information: 
    * Date:           Thu Jun 12 12:56:14 2025
    * Version:        2024.1 (Build 5069499 on May 21 2024)
    * Project:        axis_gemv_fixed
    * Solution:       hls (Vivado IP Flow Target)
    * Product family: zynq
    * Target device:  xc7z010-clg400-1
    

+ Performance & Resource Estimates: 
    
    PS: '+' for module; 'o' for loop; '*' for dataflow
    +---------------------------------------------+------+------+---------+-----------+----------+---------+--------+----------+---------+--------+----------+----------+-----+
    |                   Modules                   | Issue|      | Latency |  Latency  | Iteration|         |  Trip  |          |         |        |          |          |     |
    |                   & Loops                   | Type | Slack| (cycles)|    (ns)   |  Latency | Interval|  Count | Pipelined|  BRAM   |   DSP  |    FF    |    LUT   | URAM|
    +---------------------------------------------+------+------+---------+-----------+----------+---------+--------+----------+---------+--------+----------+----------+-----+
    |+ axis_gemv_fixed                            |     -|  0.21|   262669|  2.627e+06|         -|   262670|       -|        no|  1 (~0%)|  2 (2%)|  439 (1%)|  521 (2%)|    -|
    | + axis_gemv_fixed_Pipeline_VITIS_LOOP_25_1  |     -|  0.21|      514|  5.140e+03|         -|      514|       -|        no|        -|       -|  13 (~0%)|  86 (~0%)|    -|
    |  o VITIS_LOOP_25_1                          |     -|  7.30|      512|  5.120e+03|         1|        1|     512|       yes|        -|       -|         -|         -|    -|
    | + axis_gemv_fixed_Pipeline_VITIS_LOOP_32_2  |     -|  0.65|   262149|  2.621e+06|         -|   262149|       -|        no|        -|  2 (2%)|  397 (1%)|  331 (1%)|    -|
    |  o VITIS_LOOP_32_2                          |     -|  7.30|   262147|  2.621e+06|         4|        1|  262144|       yes|        -|       -|         -|         -|    -|
    +---------------------------------------------+------+------+---------+-----------+----------+---------+--------+----------+---------+--------+----------+----------+-----+


================================================================
== HW Interfaces
================================================================
* AXIS
+-----------+-----------+---------------+-------+-------+-------+--------+-------+--------+
| Interface | Direction | Register Mode | TDATA | TKEEP | TLAST | TREADY | TSTRB | TVALID |
+-----------+-----------+---------------+-------+-------+-------+--------+-------+--------+
| strm_in   | in        | both          | 32    | 4     | 1     | 1      | 4     | 1      |
| strm_out  | out       | both          | 32    | 4     | 1     | 1      | 4     | 1      |
+-----------+-----------+---------------+-------+-------+-------+--------+-------+--------+

* TOP LEVEL CONTROL
+-----------+--------------+----------+
| Interface | Type         | Ports    |
+-----------+--------------+----------+
| ap_clk    | clock        | ap_clk   |
| ap_rst_n  | reset        | ap_rst_n |
| ap_ctrl   | ap_ctrl_none |          |
+-----------+--------------+----------+


================================================================
== SW I/O Information
================================================================
* Top Function Arguments
+----------+-----------+----------------------------------------------------------------------------------+
| Argument | Direction | Datatype                                                                         |
+----------+-----------+----------------------------------------------------------------------------------+
| strm_in  | in        | stream<hls::axis<ap_fixed<25, 7, AP_TRN, AP_WRAP, 0>, 0, 0, 0, '8', false>, 0>&  |
| strm_out | out       | stream<hls::axis<ap_fixed<32, 16, AP_TRN, AP_WRAP, 0>, 0, 0, 0, '8', false>, 0>& |
+----------+-----------+----------------------------------------------------------------------------------+

* SW-to-HW Mapping
+----------+--------------+-----------+
| Argument | HW Interface | HW Type   |
+----------+--------------+-----------+
| strm_in  | strm_in      | interface |
| strm_out | strm_out     | interface |
+----------+--------------+-----------+


================================================================
== M_AXI Burst Information
================================================================
 Note: All burst requests might be further partitioned into multiple requests during RTL generation based on max_read_burst_length or max_write_burst_length settings.


================================================================
== Bind Op Report
================================================================
+---------------------------------------------+-----+--------+-----------+-------+--------+---------+
| Name                                        | DSP | Pragma | Variable  | Op    | Impl   | Latency |
+---------------------------------------------+-----+--------+-----------+-------+--------+---------+
| + axis_gemv_fixed                           | 2   |        |           |       |        |         |
|  + axis_gemv_fixed_Pipeline_VITIS_LOOP_25_1 | 0   |        |           |       |        |         |
|    icmp_ln25_fu_120_p2                      |     |        | icmp_ln25 | seteq | auto   | 0       |
|    add_ln25_fu_126_p2                       |     |        | add_ln25  | add   | fabric | 0       |
|  + axis_gemv_fixed_Pipeline_VITIS_LOOP_32_2 | 2   |        |           |       |        |         |
|    mul_25s_25s_50_1_1_U7                    | 2   |        | mul_ln39  | mul   | auto   | 0       |
|    icmp_ln41_fu_167_p2                      |     |        | icmp_ln41 | seteq | auto   | 0       |
|    add_ln42_fu_210_p2                       |     |        | add_ln42  | add   | fabric | 0       |
|    icmp_ln44_fu_173_p2                      |     |        | icmp_ln44 | seteq | auto   | 0       |
|    i_2_fu_179_p2                            |     |        | i_2       | add   | fabric | 0       |
+---------------------------------------------+-----+--------+-----------+-------+--------+---------+


================================================================
== Storage Report
================================================================
+-------------------+--------+------+------+------+--------+----------+------+---------+------------------+
| Name              | Usage  | Type | BRAM | URAM | Pragma | Variable | Impl | Latency | Bitwidth, Depth, |
|                   |        |      |      |      |        |          |      |         | Banks            |
+-------------------+--------+------+------+------+--------+----------+------+---------+------------------+
| + axis_gemv_fixed |        |      | 1    | 0    |        |          |      |         |                  |
|   localmem_U      | ram_1p |      | 1    |      |        | localmem | auto | 1       | 25, 512, 1       |
+-------------------+--------+------+------+------+--------+----------+------+---------+------------------+


================================================================
== Pragma Report
================================================================
* Valid Pragma Syntax
+----------------+--------------------------+--------------------------------------------------------------------------------+
| Type           | Options                  | Location                                                                       |
+----------------+--------------------------+--------------------------------------------------------------------------------+
| interface      | ap_ctrl_none port=return | ../../code/axis_gemv_fixed/axis_gemv_fixed.cpp:11 in axis_gemv_fixed, return   |
| interface      | axis port=strm_in        | ../../code/axis_gemv_fixed/axis_gemv_fixed.cpp:12 in axis_gemv_fixed, strm_in  |
| interface      | axis port=strm_out       | ../../code/axis_gemv_fixed/axis_gemv_fixed.cpp:13 in axis_gemv_fixed, strm_out |
| loop_tripcount | max=512*512              | ../../code/axis_gemv_fixed/axis_gemv_fixed.cpp:33 in axis_gemv_fixed           |
+----------------+--------------------------+--------------------------------------------------------------------------------+


