Thu Jun 12 12:55:03 2025: Running xcd server. This server was built by gradle.
Thu Jun 12 12:55:03 2025: Server was asked to start on port: '34023'
Thu Jun 12 12:55:03 2025: Server is using token UUID: '12a8d552-4784-11f0-a95d-234161565be6'
Thu Jun 12 12:55:03 2025: SESSION_MGR: creating session with session uuid: '6d04a3e9-ade5-4ab9-8d63-1f78fcd2ec76' and name 'default'
Thu Jun 12 12:55:03 2025: Attempting to start server on port '34023'
Thu Jun 12 12:55:03 2025: XCD main fifo: created main fifo '/tmp/xcdmain12a8d552-4784-11f0-a95d-234161565be6', fd read = 11
Thu Jun 12 12:55:03 2025: Running Dispatch Server
Thu Jun 12 12:55:03 2025: Version 2.2.0
Thu Jun 12 12:55:03 2025: Dispatch Server: Accepted socket connection from client
Thu Jun 12 12:55:03 2025: Starting Socket connection
Thu Jun 12 12:55:03 2025: EXCHANGE_TOKEN received, server token: 12a8d552-4784-11f0-a95d-234161565be6, passed token: 12a8d552-4784-11f0-a95d-234161565be6
Thu Jun 12 12:55:03 2025: SESSION_MGR: creating session with session uuid: '7bda13fd-0417-49d2-93b8-9e9b0c2c2e1e' and name 'Code Analyzer'
Thu Jun 12 12:55:03 2025: KERNEL_SVC: creating session with uuid: '7bda13fd-0417-49d2-93b8-9e9b0c2c2e1e' and name 'Code Analyzer'
Thu Jun 12 12:55:03 2025: GUIDANCE_SMGR: creating guidance session with uuid: '7bda13fd-0417-49d2-93b8-9e9b0c2c2e1e' and name 'Code Analyzer'
Thu Jun 12 12:55:18 2025: SESSION_MGR: closing session for UUID '7bda13fd-0417-49d2-93b8-9e9b0c2c2e1e' with name ''
Thu Jun 12 12:55:18 2025: KERNEL_SVC: closing session for UUID '7bda13fd-0417-49d2-93b8-9e9b0c2c2e1e' with name ''
Thu Jun 12 12:55:18 2025: GUIDANCE_SMGR: closing session for UUID '7bda13fd-0417-49d2-93b8-9e9b0c2c2e1e' with name ''
Thu Jun 12 12:55:18 2025: STOP_SERVER received, server token: 12a8d552-4784-11f0-a95d-234161565be6, passed token: 12a8d552-4784-11f0-a95d-234161565be6
Thu Jun 12 12:55:18 2025: Socket received request to stop server.
Thu Jun 12 12:55:18 2025: Dispatch Server: do_await_stop
Thu Jun 12 12:55:18 2025: Dispatch Server: stopping mainFifo_
Thu Jun 12 12:55:18 2025: XCD main fifo: Stopping
Thu Jun 12 12:55:18 2025: XCD main fifo: do_read error code: Operation canceled
Thu Jun 12 12:55:18 2025: XCD main fifo: bytes_transferred: 0
Thu Jun 12 12:55:18 2025: SERVER: destructor for server bound to port 34023
Thu Jun 12 12:55:18 2025: XCD main fifo: Good unlink of /tmp/xcdmain12a8d552-4784-11f0-a95d-234161565be6
Thu Jun 12 12:55:18 2025: Server exiting with status 0.
Thu Jun 12 12:55:18 2025: Closing log file.
