hw:   707.897430419921875   707.897430 (0)
hw:   -2409.6351318359375 -2409.635132 (0)
hw:     1693.835205078125  1693.835205 (0)
hw:  257.9025115966796875   257.902512 (0)
hw: 2418.3299102783203125  2418.329910 (0)
hw:  -63.8674774169921875   -63.867477 (1)
 48.30 (7.63e-07)   5.88 (2.75e-06) 
-40.36 (6.10e-07)  33.96 (9.16e-07) 
-14.12 (2.75e-06) -42.36 (6.10e-07) 
 23.82 (3.05e-07)   4.85 (1.53e-06) 
 13.07 (3.05e-07) -46.02 (4.58e-07) 
 -1.07 (3.51e-06)   0.90 (2.29e-06) 

 20.35 (1.53e-06) 
-46.77 (4.58e-07) 

707.90 (7.68e+02) 
-2409.64 (2.43e+03) 
1693.84 (1.66e+03) 
257.90 (2.56e+02) 
2418.33 (2.43e+03) 
-63.87 (3.05e-07) 

max_err = 6.82e-05
INFO [HLS SIM]: The maximum depth reached by any hls::stream() instance in the design is 14
hw:   707.897430419921875   707.897430 (0)
hw:   -2409.6351318359375 -2409.635132 (0)
hw:     1693.835205078125  1693.835205 (0)
hw:  257.9025115966796875   257.902512 (0)
hw: 2418.3299102783203125  2418.329910 (0)
hw:  -63.8674774169921875   -63.867477 (1)
 48.30 (7.63e-07)   5.88 (2.75e-06) 
-40.36 (6.10e-07)  33.96 (9.16e-07) 
-14.12 (2.75e-06) -42.36 (6.10e-07) 
 23.82 (3.05e-07)   4.85 (1.53e-06) 
 13.07 (3.05e-07) -46.02 (4.58e-07) 
 -1.07 (3.51e-06)   0.90 (2.29e-06) 

 20.35 (1.53e-06) 
-46.77 (4.58e-07) 

707.90 (7.68e+02) 
-2409.64 (2.43e+03) 
1693.84 (1.66e+03) 
257.90 (2.56e+02) 
2418.33 (2.43e+03) 
-63.87 (3.05e-07) 

max_err = 6.82e-05
INFO [HLS SIM]: The maximum depth reached by any hls::stream() instance in the design is 14
hw:   707.897430419921875   707.897430 (0)
hw:   -2409.6351318359375 -2409.635132 (0)
hw:     1693.835205078125  1693.835205 (0)
hw:  257.9025115966796875   257.902512 (0)
hw: 2418.3299102783203125  2418.329910 (0)
hw:  -63.8674774169921875   -63.867477 (1)
 48.30 (7.63e-07)   5.88 (2.75e-06) 
-40.36 (6.10e-07)  33.96 (9.16e-07) 
-14.12 (2.75e-06) -42.36 (6.10e-07) 
 23.82 (3.05e-07)   4.85 (1.53e-06) 
 13.07 (3.05e-07) -46.02 (4.58e-07) 
 -1.07 (3.51e-06)   0.90 (2.29e-06) 

 20.35 (1.53e-06) 
-46.77 (4.58e-07) 

707.90 (7.68e+02) 
-2409.64 (2.43e+03) 
1693.84 (1.66e+03) 
257.90 (2.56e+02) 
2418.33 (2.43e+03) 
-63.87 (3.05e-07) 

max_err = 6.82e-05
INFO [HLS SIM]: The maximum depth reached by any hls::stream() instance in the design is 14
