/afs/.ist.utl.pt/users/8/8/ist1103088/Desktop/CoProj/CoProj-Lab2/hls/axil_fixed_gemv/axis_gemv_fixed/hls/.autopilot/db/axis_gemv_fixed.pp.0.cpp:1312:7: warning: Added loop label VITIS_LOOP_1223_1:   [xilinx-label-all-loops]
      for (i = 0; i < __N - 1; ++i) {
      ^~~
      VITIS_LOOP_1223_1: 
/afs/.ist.utl.pt/users/8/8/ist1103088/Desktop/CoProj/CoProj-Lab2/hls/axil_fixed_gemv/axis_gemv_fixed/hls/.autopilot/db/axis_gemv_fixed.pp.0.cpp:1312:7: note: FIX-IT applied suggested code changes
/afs/.ist.utl.pt/users/8/8/ist1103088/Desktop/CoProj/CoProj-Lab2/hls/axil_fixed_gemv/axis_gemv_fixed/hls/.autopilot/db/axis_gemv_fixed.pp.0.cpp:2286:5: warning: Added loop label VITIS_LOOP_676_1:   [xilinx-label-all-loops]
    for (unsigned i = low; i != high; ++i) {
    ^~~
    VITIS_LOOP_676_1: 
/afs/.ist.utl.pt/users/8/8/ist1103088/Desktop/CoProj/CoProj-Lab2/hls/axil_fixed_gemv/axis_gemv_fixed/hls/.autopilot/db/axis_gemv_fixed.pp.0.cpp:2286:5: note: FIX-IT applied suggested code changes
/afs/.ist.utl.pt/users/8/8/ist1103088/Desktop/CoProj/CoProj-Lab2/hls/axil_fixed_gemv/axis_gemv_fixed/hls/.autopilot/db/axis_gemv_fixed.pp.0.cpp:2300:5: warning: Added loop label VITIS_LOOP_690_1:   [xilinx-label-all-loops]
    for (unsigned i = low; i != high; ++i) {
    ^~~
    VITIS_LOOP_690_1: 
/afs/.ist.utl.pt/users/8/8/ist1103088/Desktop/CoProj/CoProj-Lab2/hls/axil_fixed_gemv/axis_gemv_fixed/hls/.autopilot/db/axis_gemv_fixed.pp.0.cpp:2300:5: note: FIX-IT applied suggested code changes
/afs/.ist.utl.pt/users/8/8/ist1103088/Desktop/CoProj/CoProj-Lab2/hls/axil_fixed_gemv/axis_gemv_fixed/hls/.autopilot/db/axis_gemv_fixed.pp.0.cpp:2314:5: warning: Added loop label VITIS_LOOP_704_1:   [xilinx-label-all-loops]
    for (unsigned i = low; i != high; ++i) {
    ^~~
    VITIS_LOOP_704_1: 
/afs/.ist.utl.pt/users/8/8/ist1103088/Desktop/CoProj/CoProj-Lab2/hls/axil_fixed_gemv/axis_gemv_fixed/hls/.autopilot/db/axis_gemv_fixed.pp.0.cpp:2314:5: note: FIX-IT applied suggested code changes
/afs/.ist.utl.pt/users/8/8/ist1103088/Desktop/CoProj/CoProj-Lab2/hls/axil_fixed_gemv/axis_gemv_fixed/hls/.autopilot/db/axis_gemv_fixed.pp.0.cpp:3943:7: warning: Added loop label VITIS_LOOP_1247_1:   [xilinx-label-all-loops]
      for (i = 0; i < __N - 1; ++i) {
      ^~~
      VITIS_LOOP_1247_1: 
/afs/.ist.utl.pt/users/8/8/ist1103088/Desktop/CoProj/CoProj-Lab2/hls/axil_fixed_gemv/axis_gemv_fixed/hls/.autopilot/db/axis_gemv_fixed.pp.0.cpp:3943:7: note: FIX-IT applied suggested code changes
/afs/.ist.utl.pt/users/8/8/ist1103088/Desktop/CoProj/CoProj-Lab2/hls/axil_fixed_gemv/axis_gemv_fixed/hls/.autopilot/db/axis_gemv_fixed.pp.0.cpp:9067:4: warning: Added loop label VITIS_LOOP_25_1:   [xilinx-label-all-loops]
   for (i=0 ; i<512; i++) {
   ^~~
   VITIS_LOOP_25_1: 
/afs/.ist.utl.pt/users/8/8/ist1103088/Desktop/CoProj/CoProj-Lab2/hls/axil_fixed_gemv/axis_gemv_fixed/hls/.autopilot/db/axis_gemv_fixed.pp.0.cpp:9067:4: note: FIX-IT applied suggested code changes
/afs/.ist.utl.pt/users/8/8/ist1103088/Desktop/CoProj/CoProj-Lab2/hls/axil_fixed_gemv/axis_gemv_fixed/hls/.autopilot/db/axis_gemv_fixed.pp.0.cpp:9074:4: warning: Added loop label VITIS_LOOP_32_2:   [xilinx-label-all-loops]
   for (i = 0; ; ) {
   ^~~
   VITIS_LOOP_32_2: 
/afs/.ist.utl.pt/users/8/8/ist1103088/Desktop/CoProj/CoProj-Lab2/hls/axil_fixed_gemv/axis_gemv_fixed/hls/.autopilot/db/axis_gemv_fixed.pp.0.cpp:9074:4: note: FIX-IT applied suggested code changes
