programModel::INFOR: Function __PROF_startup will be added to the ProgramContainer
programModel::INFOR: Function _GLOBAL__sub_I_tb_axis_gemv_fixed.cpp will be added to the ProgramContainer
programModel::INFOR: Function __cxx_global_var_init will be added to the ProgramContainer
programModel::INFOR: Function _GLOBAL__sub_I_axis_gemv_fixed.cpp will be added to the ProgramContainer
programModel::INFOR: Function __cxx_global_var_init.2 will be added to the ProgramContainer
programModel::INFOR: Function _GLOBAL__sub_I_axis_gemv_fixed.cpp.5 will be added to the ProgramContainer
programModel::INFOR: Function __cxx_global_var_init.6 will be added to the ProgramContainer
programModel::INFOR: Function main will be added to the ProgramContainer
programModel::INFOR: Function _ZN3hls6streamINS_4axisI8ap_fixedILi25ELi7EL9ap_q_mode5EL9ap_o_mode3ELi0EELm0ELm0ELm0ELh56ELb0EEELi0EEC1Ev will be added to the ProgramContainer
programModel::INFOR: Function _ZN3hls6streamINS_4axisI8ap_fixedILi25ELi7EL9ap_q_mode5EL9ap_o_mode3ELi0EELm0ELm0ELm0ELh56ELb0EEELi0EEC2Ev will be added to the ProgramContainer
programModel::INFOR: Function _ZN3hls6streamINS_4axisI8ap_fixedILi32ELi16EL9ap_q_mode5EL9ap_o_mode3ELi0EELm0ELm0ELm0ELh56ELb0EEELi0EEC1Ev will be added to the ProgramContainer
programModel::INFOR: Function _ZN3hls6streamINS_4axisI8ap_fixedILi32ELi16EL9ap_q_mode5EL9ap_o_mode3ELi0EELm0ELm0ELm0ELh56ELb0EEELi0EEC2Ev will be added to the ProgramContainer
programModel::INFOR: Function _ZN3hls4axisI8ap_fixedILi25ELi7EL9ap_q_mode5EL9ap_o_mode3ELi0EELm0ELm0ELm0ELh56ELb0EEC1Ev will be added to the ProgramContainer
programModel::INFOR: Function _ZN3hls4axisI8ap_fixedILi25ELi7EL9ap_q_mode5EL9ap_o_mode3ELi0EELm0ELm0ELm0ELh56ELb0EEC2Ev will be added to the ProgramContainer
programModel::INFOR: Function _ZN8ap_fixedILi25ELi7EL9ap_q_mode5EL9ap_o_mode3ELi0EEC1Ev will be added to the ProgramContainer
programModel::INFOR: Function _ZN8ap_fixedILi25ELi7EL9ap_q_mode5EL9ap_o_mode3ELi0EEC2Ev will be added to the ProgramContainer
programModel::INFOR: Function _ZN13ap_fixed_baseILi25ELi7ELb1EL9ap_q_mode5EL9ap_o_mode3ELi0EEC2Ev will be added to the ProgramContainer
programModel::INFOR: Function _ZN12ssdm_int_simILi25ELb1EEC2Ev will be added to the ProgramContainer
programModel::INFOR: Function _ZN10ap_privateILi25ELb1ELb1EEC1Ev will be added to the ProgramContainer
programModel::INFOR: Function _ZN10ap_privateILi25ELb1ELb1EEC2Ev will be added to the ProgramContainer
programModel::INFOR: Function _ZN10ap_privateILi25ELb1ELb1EE10set_canaryEv will be added to the ProgramContainer
programModel::INFOR: Function _ZN10ap_privateILi25ELb1ELb1EE15clearUnusedBitsEv will be added to the ProgramContainer
programModel::INFOR: Function _ZN10ap_privateILi25ELb1ELb1EE12check_canaryEv will be added to the ProgramContainer
programModel::INFOR: Function _ZN7ap_uintILi4EEC1Ev will be added to the ProgramContainer
programModel::INFOR: Function _ZN7ap_uintILi4EEC2Ev will be added to the ProgramContainer
programModel::INFOR: Function _ZN11ap_int_baseILi4ELb0EEC2Ev will be added to the ProgramContainer
programModel::INFOR: Function _ZN12ssdm_int_simILi4ELb0EEC2Ev will be added to the ProgramContainer
programModel::INFOR: Function _ZN10ap_privateILi4ELb0ELb1EEC1Ev will be added to the ProgramContainer
programModel::INFOR: Function _ZN10ap_privateILi4ELb0ELb1EEC2Ev will be added to the ProgramContainer
programModel::INFOR: Function _ZN10ap_privateILi4ELb0ELb1EE10set_canaryEv will be added to the ProgramContainer
programModel::INFOR: Function _ZN10ap_privateILi4ELb0ELb1EE15clearUnusedBitsEv will be added to the ProgramContainer
programModel::INFOR: Function _ZN10ap_privateILi4ELb0ELb1EE12check_canaryEv will be added to the ProgramContainer
programModel::INFOR: Function _ZN7ap_uintILi1EEC1Ev will be added to the ProgramContainer
programModel::INFOR: Function _ZN7ap_uintILi1EEC2Ev will be added to the ProgramContainer
programModel::INFOR: Function _ZN11ap_int_baseILi1ELb0EEC2Ev will be added to the ProgramContainer
programModel::INFOR: Function _ZN12ssdm_int_simILi1ELb0EEC2Ev will be added to the ProgramContainer
programModel::INFOR: Function _ZN10ap_privateILi1ELb0ELb1EEC1Ev will be added to the ProgramContainer
programModel::INFOR: Function _ZN10ap_privateILi1ELb0ELb1EEC2Ev will be added to the ProgramContainer
programModel::INFOR: Function _ZN10ap_privateILi1ELb0ELb1EE10set_canaryEv will be added to the ProgramContainer
programModel::INFOR: Function _ZN10ap_privateILi1ELb0ELb1EE15clearUnusedBitsEv will be added to the ProgramContainer
programModel::INFOR: Function _ZN10ap_privateILi1ELb0ELb1EE12check_canaryEv will be added to the ProgramContainer
programModel::INFOR: Function _ZN3hls4axisI8ap_fixedILi32ELi16EL9ap_q_mode5EL9ap_o_mode3ELi0EELm0ELm0ELm0ELh56ELb0EEC1Ev will be added to the ProgramContainer
programModel::INFOR: Function _ZN3hls4axisI8ap_fixedILi32ELi16EL9ap_q_mode5EL9ap_o_mode3ELi0EELm0ELm0ELm0ELh56ELb0EEC2Ev will be added to the ProgramContainer
programModel::INFOR: Function _ZN8ap_fixedILi32ELi16EL9ap_q_mode5EL9ap_o_mode3ELi0EEC1Ev will be added to the ProgramContainer
programModel::INFOR: Function _ZN8ap_fixedILi32ELi16EL9ap_q_mode5EL9ap_o_mode3ELi0EEC2Ev will be added to the ProgramContainer
programModel::INFOR: Function _ZN13ap_fixed_baseILi32ELi16ELb1EL9ap_q_mode5EL9ap_o_mode3ELi0EEC2Ev will be added to the ProgramContainer
programModel::INFOR: Function _ZN12ssdm_int_simILi32ELb1EEC2Ev will be added to the ProgramContainer
programModel::INFOR: Function _ZN10ap_privateILi32ELb1ELb1EEC1Ev will be added to the ProgramContainer
programModel::INFOR: Function _ZN10ap_privateILi32ELb1ELb1EEC2Ev will be added to the ProgramContainer
programModel::INFOR: Function _ZN10ap_privateILi32ELb1ELb1EE10set_canaryEv will be added to the ProgramContainer
programModel::INFOR: Function _ZN10ap_privateILi32ELb1ELb1EE15clearUnusedBitsEv will be added to the ProgramContainer
programModel::INFOR: Function _ZN10ap_privateILi32ELb1ELb1EE12check_canaryEv will be added to the ProgramContainer
programModel::INFOR: Function _Z9init_vecsv will be added to the ProgramContainer
programModel::INFOR: Function _ZN8ap_fixedILi25ELi7EL9ap_q_mode5EL9ap_o_mode3ELi0EEC1Ed will be added to the ProgramContainer
programModel::INFOR: Function _ZN8ap_fixedILi25ELi7EL9ap_q_mode5EL9ap_o_mode3ELi0EEC2Ed will be added to the ProgramContainer
programModel::INFOR: Function _ZN13ap_fixed_baseILi25ELi7ELb1EL9ap_q_mode5EL9ap_o_mode3ELi0EEC2Ed will be added to the ProgramContainer
programModel::INFOR: Function _ZN11ap_int_baseILi64ELb0EEC1Ev will be added to the ProgramContainer
programModel::INFOR: Function _ZN11ap_int_baseILi64ELb0EEC2Ev will be added to the ProgramContainer
programModel::INFOR: Function _ZN12ssdm_int_simILi64ELb0EEC2Ev will be added to the ProgramContainer
programModel::INFOR: Function _ZN10ap_privateILi64ELb0ELb1EEC1Ev will be added to the ProgramContainer
programModel::INFOR: Function _ZN10ap_privateILi64ELb0ELb1EEC2Ev will be added to the ProgramContainer
programModel::INFOR: Function _ZN10ap_privateILi64ELb0ELb1EE10set_canaryEv will be added to the ProgramContainer
programModel::INFOR: Function _ZN10ap_privateILi64ELb0ELb1EE15clearUnusedBitsEv will be added to the ProgramContainer
programModel::INFOR: Function _ZN10ap_privateILi64ELb0ELb1EE12check_canaryEv will be added to the ProgramContainer
programModel::INFOR: Function _Z15doubleToRawBitsd will be added to the ProgramContainer
programModel::INFOR: Function _ZN10ap_privateILi64ELb0ELb1EEaSEy will be added to the ProgramContainer
programModel::INFOR: Function _ZNK10ap_privateILi64ELb0ELb1EE7get_bitEi will be added to the ProgramContainer
programModel::INFOR: Function _ZNK10ap_privateILi64ELb0ELb1EE15get_cleared_VALEv will be added to the ProgramContainer
programModel::INFOR: Function _ZN11ap_int_baseILi12ELb1EEC1Ev will be added to the ProgramContainer
programModel::INFOR: Function _ZN11ap_int_baseILi12ELb1EEC2Ev will be added to the ProgramContainer
programModel::INFOR: Function _ZN12ssdm_int_simILi12ELb1EEC2Ev will be added to the ProgramContainer
programModel::INFOR: Function _ZN10ap_privateILi12ELb1ELb1EEC1Ev will be added to the ProgramContainer
programModel::INFOR: Function _ZN10ap_privateILi12ELb1ELb1EEC2Ev will be added to the ProgramContainer
programModel::INFOR: Function _ZN10ap_privateILi12ELb1ELb1EE10set_canaryEv will be added to the ProgramContainer
programModel::INFOR: Function _ZN10ap_privateILi12ELb1ELb1EE15clearUnusedBitsEv will be added to the ProgramContainer
programModel::INFOR: Function _ZN10ap_privateILi12ELb1ELb1EE12check_canaryEv will be added to the ProgramContainer
programModel::INFOR: Function _ZN11ap_int_baseILi12ELb1EEC1Ei will be added to the ProgramContainer
programModel::INFOR: Function _ZN11ap_int_baseILi12ELb1EEC2Ei will be added to the ProgramContainer
programModel::INFOR: Function _ZN10ap_privateILi12ELb1ELb1EEC1Ei will be added to the ProgramContainer
programModel::INFOR: Function _ZN10ap_privateILi12ELb1ELb1EEC2Ei will be added to the ProgramContainer
programModel::INFOR: Function _ZN12ssdm_int_simILi12ELb1EEC2E10ap_privateILi12ELb1ELb1EE will be added to the ProgramContainer
programModel::INFOR: Function _ZN10ap_privateILi12ELb1ELb1EEaSEi will be added to the ProgramContainer
programModel::INFOR: Function _ZN11ap_int_baseILi11ELb0EEC1Ev will be added to the ProgramContainer
programModel::INFOR: Function _ZN11ap_int_baseILi11ELb0EEC2Ev will be added to the ProgramContainer
programModel::INFOR: Function _ZN12ssdm_int_simILi11ELb0EEC2Ev will be added to the ProgramContainer
programModel::INFOR: Function _ZN10ap_privateILi11ELb0ELb1EEC1Ev will be added to the ProgramContainer
programModel::INFOR: Function _ZN10ap_privateILi11ELb0ELb1EEC2Ev will be added to the ProgramContainer
programModel::INFOR: Function _ZN10ap_privateILi11ELb0ELb1EE10set_canaryEv will be added to the ProgramContainer
programModel::INFOR: Function _ZN10ap_privateILi11ELb0ELb1EE15clearUnusedBitsEv will be added to the ProgramContainer
programModel::INFOR: Function _ZN10ap_privateILi11ELb0ELb1EE12check_canaryEv will be added to the ProgramContainer
programModel::INFOR: Function _ZN10ap_privateILi64ELb0ELb1EE5rangeEii will be added to the ProgramContainer
programModel::INFOR: Function _ZN18_private_range_refILi64ELb0EEC1EP10ap_privateILi64ELb0ELb1EEii will be added to the ProgramContainer
programModel::INFOR: Function _ZN18_private_range_refILi64ELb0EEC2EP10ap_privateILi64ELb0ELb1EEii will be added to the ProgramContainer
programModel::INFOR: Function _ZN10ap_privateILi11ELb0ELb1EEaSILi64ELb0EEERS0_RK18_private_range_refIXT_EXT0_EE will be added to the ProgramContainer
programModel::INFOR: Function _ZN10ap_privateILi64ELb0ELb1EEC1ILi64ELb0EEERK18_private_range_refIXT_EXT0_EE will be added to the ProgramContainer
programModel::INFOR: Function _ZN10ap_privateILi64ELb0ELb1EEC2ILi64ELb0EEERK18_private_range_refIXT_EXT0_EE will be added to the ProgramContainer
programModel::INFOR: Function _ZNK18_private_range_refILi64ELb0EE3getEv will be added to the ProgramContainer
programModel::INFOR: Function _ZN10ap_privateILi64ELb0ELb1EEC1Ei will be added to the ProgramContainer
programModel::INFOR: Function _ZN10ap_privateILi64ELb0ELb1EEC2Ei will be added to the ProgramContainer
programModel::INFOR: Function _ZN10ap_privateILi64ELb0ELb1EEaSERKS0_ will be added to the ProgramContainer
programModel::INFOR: Function _ZNK10ap_privateILi64ELb0ELb1EE7get_VALEv will be added to the ProgramContainer
programModel::INFOR: Function _ZrSILi64ELb0EER10ap_privateIXT_EXT0_EXleT_Li64EEES2_i will be added to the ProgramContainer
programModel::INFOR: Function _ZNK10ap_privateILi64ELb0ELb1EErsEi will be added to the ProgramContainer
programModel::INFOR: Function _ZNK10ap_privateILi64ELb0ELb1EE4lshrEj will be added to the ProgramContainer
programModel::INFOR: Function _ZN10ap_privateILi64ELb0ELb1EEC1Em will be added to the ProgramContainer
programModel::INFOR: Function _ZN10ap_privateILi64ELb0ELb1EEC2Em will be added to the ProgramContainer
programModel::INFOR: Function _ZN10ap_privateILi64ELb0ELb1EEaNEm will be added to the ProgramContainer
programModel::INFOR: Function _ZNK10ap_privateILi64ELb0ELb1EEcvmEv will be added to the ProgramContainer
programModel::INFOR: Function _ZN10ap_privateILi11ELb0ELb1EEaSILi64ELb0EEERS0_RKS_IXT_EXT0_EXleT_Li64EEE will be added to the ProgramContainer
programModel::INFOR: Function _ZmiILi11ELb0ELi12ELb1EEN11ap_int_baseIXT_EXT0_EE5RTypeIXT1_EXT2_EE5minusERKS1_RKS0_IXT1_EXT2_EE will be added to the ProgramContainer
programModel::INFOR: Function _ZN11ap_int_baseILi13ELb1EEC1ILi11ELb0EEERKS_IXT_EXT0_EE will be added to the ProgramContainer
programModel::INFOR: Function _ZN11ap_int_baseILi13ELb1EEC2ILi11ELb0EEERKS_IXT_EXT0_EE will be added to the ProgramContainer
programModel::INFOR: Function _ZN10ap_privateILi13ELb1ELb1EEC1ILi11ELb0ELb1EEERKS_IXT_EXT0_EXT1_EE will be added to the ProgramContainer
programModel::INFOR: Function _ZN10ap_privateILi13ELb1ELb1EEC2ILi11ELb0ELb1EEERKS_IXT_EXT0_EXT1_EE will be added to the ProgramContainer
programModel::INFOR: Function _ZNK10ap_privateILi11ELb0ELb1EE7get_VALEv will be added to the ProgramContainer
programModel::INFOR: Function _ZN10ap_privateILi13ELb1ELb1EE10set_canaryEv will be added to the ProgramContainer
programModel::INFOR: Function _ZN10ap_privateILi13ELb1ELb1EE15clearUnusedBitsEv will be added to the ProgramContainer
programModel::INFOR: Function _ZN10ap_privateILi13ELb1ELb1EE12check_canaryEv will be added to the ProgramContainer
programModel::INFOR: Function _ZN12ssdm_int_simILi13ELb1EEC2E10ap_privateILi13ELb1ELb1EE will be added to the ProgramContainer
programModel::INFOR: Function _ZN10ap_privateILi13ELb1ELb1EEaSILi11ELb0EEERS0_RKS_IXT_EXT0_EXleT_Li64EEE will be added to the ProgramContainer
programModel::INFOR: Function _ZNK10ap_privateILi11ELb0ELb1EE15get_cleared_VALEv will be added to the ProgramContainer
programModel::INFOR: Function _ZN11ap_int_baseILi13ELb1EEC1ILi12ELb1EEERKS_IXT_EXT0_EE will be added to the ProgramContainer
programModel::INFOR: Function _ZN11ap_int_baseILi13ELb1EEC2ILi12ELb1EEERKS_IXT_EXT0_EE will be added to the ProgramContainer
programModel::INFOR: Function _ZN10ap_privateILi13ELb1ELb1EEC1ILi12ELb1ELb1EEERKS_IXT_EXT0_EXT1_EE will be added to the ProgramContainer
programModel::INFOR: Function _ZN10ap_privateILi13ELb1ELb1EEC2ILi12ELb1ELb1EEERKS_IXT_EXT0_EXT1_EE will be added to the ProgramContainer
programModel::INFOR: Function _ZNK10ap_privateILi12ELb1ELb1EE7get_VALEv will be added to the ProgramContainer
programModel::INFOR: Function _ZN10ap_privateILi13ELb1ELb1EEaSILi12ELb1EEERS0_RKS_IXT_EXT0_EXleT_Li64EEE will be added to the ProgramContainer
programModel::INFOR: Function _ZNK10ap_privateILi12ELb1ELb1EE15get_cleared_VALEv will be added to the ProgramContainer
programModel::INFOR: Function _ZN11ap_int_baseILi13ELb1EEC1Ei will be added to the ProgramContainer
programModel::INFOR: Function _ZN11ap_int_baseILi13ELb1EEC2Ei will be added to the ProgramContainer
programModel::INFOR: Function _ZN10ap_privateILi13ELb1ELb1EEC1Ei will be added to the ProgramContainer
programModel::INFOR: Function _ZN10ap_privateILi13ELb1ELb1EEC2Ei will be added to the ProgramContainer
programModel::INFOR: Function _ZN10ap_privateILi13ELb1ELb1EEaSEi will be added to the ProgramContainer
programModel::INFOR: Function _ZNK10ap_privateILi13ELb1ELb1EEmiILi13ELb1EEENS0_5RTypeIXT_EXT0_EE5minusERKS_IXT_EXT0_EXleT_Li64EEE will be added to the ProgramContainer
programModel::INFOR: Function _ZNK10ap_privateILi13ELb1ELb1EE15get_cleared_VALEv will be added to the ProgramContainer
programModel::INFOR: Function _ZN10ap_privateILi14ELb1ELb1EEC1El will be added to the ProgramContainer
programModel::INFOR: Function _ZN10ap_privateILi14ELb1ELb1EEC2El will be added to the ProgramContainer
programModel::INFOR: Function _ZN10ap_privateILi14ELb1ELb1EE10set_canaryEv will be added to the ProgramContainer
programModel::INFOR: Function _ZN10ap_privateILi14ELb1ELb1EE15clearUnusedBitsEv will be added to the ProgramContainer
programModel::INFOR: Function _ZN10ap_privateILi14ELb1ELb1EE12check_canaryEv will be added to the ProgramContainer
programModel::INFOR: Function _ZN10ap_privateILi13ELb1ELb1EEaSILi14ELb1EEERS0_RKS_IXT_EXT0_EXleT_Li64EEE will be added to the ProgramContainer
programModel::INFOR: Function _ZNK10ap_privateILi14ELb1ELb1EE15get_cleared_VALEv will be added to the ProgramContainer
programModel::INFOR: Function _ZN6ap_intILi13EEC1ILi13ELb1EEERK11ap_int_baseIXT_EXT0_EE will be added to the ProgramContainer
programModel::INFOR: Function _ZN6ap_intILi13EEC2ILi13ELb1EEERK11ap_int_baseIXT_EXT0_EE will be added to the ProgramContainer
programModel::INFOR: Function _ZN11ap_int_baseILi12ELb1EEaSILi13ELb1EEERS0_RKS_IXT_EXT0_EE will be added to the ProgramContainer
programModel::INFOR: Function _ZN10ap_privateILi12ELb1ELb1EEaSILi13ELb1EEERS0_RKS_IXT_EXT0_EXleT_Li64EEE will be added to the ProgramContainer
programModel::INFOR: Function _ZN11ap_int_baseILi54ELb1EEC1Ev will be added to the ProgramContainer
programModel::INFOR: Function _ZN11ap_int_baseILi54ELb1EEC2Ev will be added to the ProgramContainer
programModel::INFOR: Function _ZN12ssdm_int_simILi54ELb1EEC2Ev will be added to the ProgramContainer
programModel::INFOR: Function _ZN10ap_privateILi54ELb1ELb1EEC1Ev will be added to the ProgramContainer
programModel::INFOR: Function _ZN10ap_privateILi54ELb1ELb1EEC2Ev will be added to the ProgramContainer
programModel::INFOR: Function _ZN10ap_privateILi54ELb1ELb1EE10set_canaryEv will be added to the ProgramContainer
programModel::INFOR: Function _ZN10ap_privateILi54ELb1ELb1EE15clearUnusedBitsEv will be added to the ProgramContainer
programModel::INFOR: Function _ZN10ap_privateILi54ELb1ELb1EE12check_canaryEv will be added to the ProgramContainer
programModel::INFOR: Function _ZN10ap_privateILi54ELb1ELb1EEaSILi64ELb0EEERS0_RK18_private_range_refIXT_EXT0_EE will be added to the ProgramContainer
programModel::INFOR: Function _ZN10ap_privateILi54ELb1ELb1EEaSILi64ELb0EEERS0_RKS_IXT_EXT0_EXleT_Li64EEE will be added to the ProgramContainer
programModel::INFOR: Function _ZeqILi12ELb1EEbRK11ap_int_baseIXT_EXT0_EEi will be added to the ProgramContainer
programModel::INFOR: Function _ZN11ap_int_baseILi32ELb1EEC1Ei will be added to the ProgramContainer
programModel::INFOR: Function _ZN11ap_int_baseILi32ELb1EEC2Ei will be added to the ProgramContainer
programModel::INFOR: Function _ZN10ap_privateILi32ELb1ELb1EEC1Ei will be added to the ProgramContainer
programModel::INFOR: Function _ZN10ap_privateILi32ELb1ELb1EEC2Ei will be added to the ProgramContainer
programModel::INFOR: Function _ZN12ssdm_int_simILi32ELb1EEC2E10ap_privateILi32ELb1ELb1EE will be added to the ProgramContainer
programModel::INFOR: Function _ZN10ap_privateILi32ELb1ELb1EEaSEi will be added to the ProgramContainer
programModel::INFOR: Function _ZNK11ap_int_baseILi12ELb1EEeqILi32ELb1EEEbRKS_IXT_EXT0_EE will be added to the ProgramContainer
programModel::INFOR: Function _ZNK10ap_privateILi12ELb1ELb1EEeqILi32ELb1EEEbRKS_IXT_EXT0_EXleT_Li64EEE will be added to the ProgramContainer
programModel::INFOR: Function _ZN10ap_privateILi32ELb0ELb1EEC1ILi12ELb1ELb1EEERKS_IXT_EXT0_EXT1_EE will be added to the ProgramContainer
programModel::INFOR: Function _ZN10ap_privateILi32ELb0ELb1EEC2ILi12ELb1ELb1EEERKS_IXT_EXT0_EXT1_EE will be added to the ProgramContainer
programModel::INFOR: Function _ZN10ap_privateILi32ELb0ELb1EE10set_canaryEv will be added to the ProgramContainer
programModel::INFOR: Function _ZN10ap_privateILi32ELb0ELb1EE15clearUnusedBitsEv will be added to the ProgramContainer
programModel::INFOR: Function _ZN10ap_privateILi32ELb0ELb1EE12check_canaryEv will be added to the ProgramContainer
programModel::INFOR: Function _ZN10ap_privateILi32ELb0ELb1EEC1ILi32ELb1ELb1EEERKS_IXT_EXT0_EXT1_EE will be added to the ProgramContainer
programModel::INFOR: Function _ZN10ap_privateILi32ELb0ELb1EEC2ILi32ELb1ELb1EEERKS_IXT_EXT0_EXT1_EE will be added to the ProgramContainer
programModel::INFOR: Function _ZNK10ap_privateILi32ELb1ELb1EE7get_VALEv will be added to the ProgramContainer
programModel::INFOR: Function _ZN10ap_privateILi32ELb0ELb1EE7get_VALEv will be added to the ProgramContainer
programModel::INFOR: Function _Z19_AP_ROOT_op_set_bitI10ap_privateILi54ELb1ELb1EEiiERT_S3_RKT0_RKT1_ will be added to the ProgramContainer
programModel::INFOR: Function _ZN10ap_privateILi54ELb1ELb1EE7set_bitEib will be added to the ProgramContainer
programModel::INFOR: Function _ZN10ap_privateILi54ELb1ELb1EE3setEj will be added to the ProgramContainer
programModel::INFOR: Function _ZN10ap_privateILi54ELb1ELb1EEaSERKS0_ will be added to the ProgramContainer
programModel::INFOR: Function _ZNK10ap_privateILi54ELb1ELb1EE7get_VALEv will be added to the ProgramContainer
programModel::INFOR: Function _ZanILi64ELb0EEN10ap_privateIXT_EXT0_EXleT_Li64EEE5RTypeIXmlLm8ELi8EELb1EE5logicERKS1_x will be added to the ProgramContainer
programModel::INFOR: Function _ZN10ap_privateILi64ELb1ELb1EEC1Ex will be added to the ProgramContainer
programModel::INFOR: Function _ZN10ap_privateILi64ELb1ELb1EEC2Ex will be added to the ProgramContainer
programModel::INFOR: Function _ZN10ap_privateILi64ELb1ELb1EE10set_canaryEv will be added to the ProgramContainer
programModel::INFOR: Function _ZN10ap_privateILi64ELb1ELb1EE15clearUnusedBitsEv will be added to the ProgramContainer
programModel::INFOR: Function _ZN10ap_privateILi64ELb1ELb1EE12check_canaryEv will be added to the ProgramContainer
programModel::INFOR: Function _ZNK10ap_privateILi64ELb0ELb1EEanILi64ELb1EEENS0_5RTypeIXT_EXT0_EE5logicERKS_IXT_EXT0_EXleT_Li64EEE will be added to the ProgramContainer
programModel::INFOR: Function _ZN10ap_privateILi65ELb1ELb0EEC1ILi64ELb0EEERKS_IXT_EXT0_ELb1EE will be added to the ProgramContainer
programModel::INFOR: Function _ZN10ap_privateILi65ELb1ELb0EEC2ILi64ELb0EEERKS_IXT_EXT0_ELb1EE will be added to the ProgramContainer
programModel::INFOR: Function _ZN10ap_privateILi65ELb1ELb0EE10set_canaryEv will be added to the ProgramContainer
programModel::INFOR: Function _ZNK10ap_privateILi64ELb0ELb1EE10isNegativeEv will be added to the ProgramContainer
programModel::INFOR: Function _ZN10ap_privateILi65ELb1ELb0EE15clearUnusedBitsEv will be added to the ProgramContainer
programModel::INFOR: Function _ZN10ap_privateILi65ELb1ELb0EE12check_canaryEv will be added to the ProgramContainer
programModel::INFOR: Function _ZNK10ap_privateILi65ELb1ELb0EEanILi64ELb1EEENS0_5RTypeIXT_EXT0_EE5logicERKS_IXT_EXT0_EXleT_Li64EEE will be added to the ProgramContainer
programModel::INFOR: Function _ZN10ap_privateILi65ELb1ELb0EEC1Eib will be added to the ProgramContainer
programModel::INFOR: Function _ZN10ap_privateILi65ELb1ELb0EEC2Eib will be added to the ProgramContainer
programModel::INFOR: Function _ZSt3minIiERKT_S2_S2_ will be added to the ProgramContainer
programModel::INFOR: Function _ZSt3maxIiERKT_S2_S2_ will be added to the ProgramContainer
programModel::INFOR: Function _ZNK10ap_privateILi64ELb1ELb1EE8get_pValEi will be added to the ProgramContainer
programModel::INFOR: Function _ZN10ap_privateILi65ELb1ELb0EE8set_pValEim will be added to the ProgramContainer
programModel::INFOR: Function _ZNK10ap_privateILi64ELb1ELb1EE10isNegativeEv will be added to the ProgramContainer
programModel::INFOR: Function _ZeqILi65ELb1EEbRK10ap_privateIXT_EXT0_EXleT_Li64EEEi will be added to the ProgramContainer
programModel::INFOR: Function _ZNK10ap_privateILi65ELb1ELb0EEeqILi32ELb1EEEbRKS_IXT_EXT0_EXleT_Li64EEE will be added to the ProgramContainer
programModel::INFOR: Function _ZN10ap_privateILi65ELb0ELb0EEC1ILi65ELb1EEERKS_IXT_EXT0_ELb0EE will be added to the ProgramContainer
programModel::INFOR: Function _ZN10ap_privateILi65ELb0ELb0EEC2ILi65ELb1EEERKS_IXT_EXT0_ELb0EE will be added to the ProgramContainer
programModel::INFOR: Function _ZN10ap_privateILi65ELb0ELb0EE10set_canaryEv will be added to the ProgramContainer
programModel::INFOR: Function _ZN10ap_privateILi65ELb0ELb0EEaSILi65ELb1EEERS0_RKS_IXT_EXT0_EXleT_Li64EEE will be added to the ProgramContainer
programModel::INFOR: Function _ZN10ap_privateILi65ELb0ELb0EE13cpSextOrTruncILi65ELb1EEEvRKS_IXT_EXT0_EXleT_Li64EEE will be added to the ProgramContainer
programModel::INFOR: Function _ZNK10ap_privateILi65ELb1ELb0EE8get_pValEi will be added to the ProgramContainer
programModel::INFOR: Function _ZN10ap_privateILi65ELb0ELb0EE15clearUnusedBitsEv will be added to the ProgramContainer
programModel::INFOR: Function _ZN10ap_privateILi65ELb0ELb0EE12check_canaryEv will be added to the ProgramContainer
programModel::INFOR: Function _ZN10ap_privateILi65ELb0ELb0EEC1ILi32ELb1EEERKS_IXT_EXT0_ELb1EE will be added to the ProgramContainer
programModel::INFOR: Function _ZN10ap_privateILi65ELb0ELb0EEC2ILi32ELb1EEERKS_IXT_EXT0_ELb1EE will be added to the ProgramContainer
programModel::INFOR: Function _ZNK10ap_privateILi32ELb1ELb1EE10isNegativeEv will be added to the ProgramContainer
programModel::INFOR: Function _ZNK10ap_privateILi65ELb0ELb0EEeqERKS0_ will be added to the ProgramContainer
programModel::INFOR: Function _ZNK10ap_privateILi65ELb0ELb0EE13getActiveBitsEv will be added to the ProgramContainer
programModel::INFOR: Function _ZNK10ap_privateILi65ELb0ELb0EE17countLeadingZerosEv will be added to the ProgramContainer
programModel::INFOR: Function _ZN14ap_private_opsL20CountLeadingZeros_64Em will be added to the ProgramContainer
programModel::INFOR: Function _ZplILi12ELb1EEN10ap_privateIXT_EXT0_EXleT_Li64EEE5RTypeIXmlLm4ELi8EELb1EE4plusERKS1_i will be added to the ProgramContainer
programModel::INFOR: Function _ZNK10ap_privateILi12ELb1ELb1EEplILi32ELb1EEENS0_5RTypeIXT_EXT0_EE4plusERKS_IXT_EXT0_EXleT_Li64EEE will be added to the ProgramContainer
programModel::INFOR: Function _ZNK10ap_privateILi32ELb1ELb1EE15get_cleared_VALEv will be added to the ProgramContainer
programModel::INFOR: Function _ZN10ap_privateILi33ELb1ELb1EEC1Em will be added to the ProgramContainer
programModel::INFOR: Function _ZN10ap_privateILi33ELb1ELb1EEC2Em will be added to the ProgramContainer
programModel::INFOR: Function _ZN10ap_privateILi33ELb1ELb1EE10set_canaryEv will be added to the ProgramContainer
programModel::INFOR: Function _ZN10ap_privateILi33ELb1ELb1EE15clearUnusedBitsEv will be added to the ProgramContainer
programModel::INFOR: Function _ZN10ap_privateILi33ELb1ELb1EE12check_canaryEv will be added to the ProgramContainer
programModel::INFOR: Function _ZNK10ap_privateILi33ELb1ELb1EEcvlEv will be added to the ProgramContainer
programModel::INFOR: Function _ZNK10ap_privateILi33ELb1ELb1EE15get_cleared_VALEv will be added to the ProgramContainer
programModel::INFOR: Function _ZNK10ap_privateILi54ELb1ELb1EErsEj will be added to the ProgramContainer
programModel::INFOR: Function _ZNK10ap_privateILi54ELb1ELb1EE4ashrEj will be added to the ProgramContainer
programModel::INFOR: Function _ZNK10ap_privateILi54ELb1ELb1EE15get_cleared_VALEv will be added to the ProgramContainer
programModel::INFOR: Function _ZN10ap_privateILi54ELb1ELb1EEC1El will be added to the ProgramContainer
programModel::INFOR: Function _ZN10ap_privateILi54ELb1ELb1EEC2El will be added to the ProgramContainer
programModel::INFOR: Function _ZN10ap_privateILi25ELb1ELb1EEaSILi54ELb1EEERS0_RKS_IXT_EXT0_EXleT_Li64EEE will be added to the ProgramContainer
programModel::INFOR: Function _ZN13ap_fixed_baseILi25ELi7ELb1EL9ap_q_mode5EL9ap_o_mode3ELi0EE6reportEv will be added to the ProgramContainer
programModel::INFOR: Function _ZN8ap_fixedILi25ELi7EL9ap_q_mode5EL9ap_o_mode3ELi0EEaSERKS2_ will be added to the ProgramContainer
programModel::INFOR: Function _ZN13ap_fixed_baseILi25ELi7ELb1EL9ap_q_mode5EL9ap_o_mode3ELi0EEaSERKS2_ will be added to the ProgramContainer
programModel::INFOR: Function _ZN12ssdm_int_simILi25ELb1EEaSERKS0_ will be added to the ProgramContainer
programModel::INFOR: Function _ZN10ap_privateILi25ELb1ELb1EEaSERKS0_ will be added to the ProgramContainer
programModel::INFOR: Function _ZNK10ap_privateILi25ELb1ELb1EE7get_VALEv will be added to the ProgramContainer
programModel::INFOR: Function _ZN6ap_intILi1EEC1Ei will be added to the ProgramContainer
programModel::INFOR: Function _ZN6ap_intILi1EEC2Ei will be added to the ProgramContainer
programModel::INFOR: Function _ZN11ap_int_baseILi1ELb1EEC2Ei will be added to the ProgramContainer
programModel::INFOR: Function _ZN10ap_privateILi1ELb1ELb1EEC1Ei will be added to the ProgramContainer
programModel::INFOR: Function _ZN10ap_privateILi1ELb1ELb1EEC2Ei will be added to the ProgramContainer
programModel::INFOR: Function _ZN10ap_privateILi1ELb1ELb1EE10set_canaryEv will be added to the ProgramContainer
programModel::INFOR: Function _ZN10ap_privateILi1ELb1ELb1EE15clearUnusedBitsEv will be added to the ProgramContainer
programModel::INFOR: Function _ZN10ap_privateILi1ELb1ELb1EE12check_canaryEv will be added to the ProgramContainer
programModel::INFOR: Function _ZN12ssdm_int_simILi1ELb1EEC2E10ap_privateILi1ELb1ELb1EE will be added to the ProgramContainer
programModel::INFOR: Function _ZN10ap_privateILi1ELb1ELb1EEaSEi will be added to the ProgramContainer
programModel::INFOR: Function _ZN11ap_int_baseILi1ELb1EE18checkOverflowBaseCIiEEvT_ will be added to the ProgramContainer
programModel::INFOR: Function _ZN7ap_uintILi1EEC1ILi1EEERK6ap_intIXT_EE will be added to the ProgramContainer
programModel::INFOR: Function _ZN7ap_uintILi1EEC2ILi1EEERK6ap_intIXT_EE will be added to the ProgramContainer
programModel::INFOR: Function _ZN11ap_int_baseILi1ELb0EEC2ILi1ELb1EEERKS_IXT_EXT0_EE will be added to the ProgramContainer
programModel::INFOR: Function _ZN10ap_privateILi1ELb0ELb1EEC1ILi1ELb1ELb1EEERKS_IXT_EXT0_EXT1_EE will be added to the ProgramContainer
programModel::INFOR: Function _ZN10ap_privateILi1ELb0ELb1EEC2ILi1ELb1ELb1EEERKS_IXT_EXT0_EXT1_EE will be added to the ProgramContainer
programModel::INFOR: Function _ZNK10ap_privateILi1ELb1ELb1EE7get_VALEv will be added to the ProgramContainer
programModel::INFOR: Function _ZN12ssdm_int_simILi1ELb0EEC2E10ap_privateILi1ELb0ELb1EE will be added to the ProgramContainer
programModel::INFOR: Function _ZN10ap_privateILi1ELb0ELb1EEaSILi1ELb1EEERS0_RKS_IXT_EXT0_EXleT_Li64EEE will be added to the ProgramContainer
programModel::INFOR: Function _ZNK10ap_privateILi1ELb1ELb1EE15get_cleared_VALEv will be added to the ProgramContainer
programModel::INFOR: Function _ZNK11ap_int_baseILi1ELb1EE17checkOverflowCsimEibb will be added to the ProgramContainer
programModel::INFOR: Function _ZN7ap_uintILi1EEaSERKS0_ will be added to the ProgramContainer
programModel::INFOR: Function _ZN11ap_int_baseILi1ELb0EEaSERKS0_ will be added to the ProgramContainer
programModel::INFOR: Function _ZN12ssdm_int_simILi1ELb0EEaSERKS0_ will be added to the ProgramContainer
programModel::INFOR: Function _ZN10ap_privateILi1ELb0ELb1EEaSERKS0_ will be added to the ProgramContainer
programModel::INFOR: Function _ZNK10ap_privateILi1ELb0ELb1EE7get_VALEv will be added to the ProgramContainer
programModel::INFOR: Function _ZN3hls6streamINS_4axisI8ap_fixedILi25ELi7EL9ap_q_mode5EL9ap_o_mode3ELi0EELm0ELm0ELm0ELh56ELb0EEELi0EE5writeERKS6_ will be added to the ProgramContainer
programModel::INFOR: Function _ZNK11ap_int_baseILi54ELb1EEngEv will be added to the ProgramContainer
programModel::INFOR: Function _ZN11ap_int_baseILi1ELb0EEC1Ei will be added to the ProgramContainer
programModel::INFOR: Function _ZN11ap_int_baseILi1ELb0EEC2Ei will be added to the ProgramContainer
programModel::INFOR: Function _ZN10ap_privateILi1ELb0ELb1EEC1Ei will be added to the ProgramContainer
programModel::INFOR: Function _ZN10ap_privateILi1ELb0ELb1EEC2Ei will be added to the ProgramContainer
programModel::INFOR: Function _ZN10ap_privateILi1ELb0ELb1EEaSEi will be added to the ProgramContainer
programModel::INFOR: Function _ZmiILi1ELb0ELi54ELb1EEN11ap_int_baseIXT_EXT0_EE5RTypeIXT1_EXT2_EE5minusERKS1_RKS0_IXT1_EXT2_EE will be added to the ProgramContainer
programModel::INFOR: Function _ZN11ap_int_baseILi55ELb1EEC1ILi1ELb0EEERKS_IXT_EXT0_EE will be added to the ProgramContainer
programModel::INFOR: Function _ZN11ap_int_baseILi55ELb1EEC2ILi1ELb0EEERKS_IXT_EXT0_EE will be added to the ProgramContainer
programModel::INFOR: Function _ZN10ap_privateILi55ELb1ELb1EEC1ILi1ELb0ELb1EEERKS_IXT_EXT0_EXT1_EE will be added to the ProgramContainer
programModel::INFOR: Function _ZN10ap_privateILi55ELb1ELb1EEC2ILi1ELb0ELb1EEERKS_IXT_EXT0_EXT1_EE will be added to the ProgramContainer
programModel::INFOR: Function _ZN10ap_privateILi55ELb1ELb1EE10set_canaryEv will be added to the ProgramContainer
programModel::INFOR: Function _ZN10ap_privateILi55ELb1ELb1EE15clearUnusedBitsEv will be added to the ProgramContainer
programModel::INFOR: Function _ZN10ap_privateILi55ELb1ELb1EE12check_canaryEv will be added to the ProgramContainer
programModel::INFOR: Function _ZN12ssdm_int_simILi55ELb1EEC2E10ap_privateILi55ELb1ELb1EE will be added to the ProgramContainer
programModel::INFOR: Function _ZN10ap_privateILi55ELb1ELb1EEaSILi1ELb0EEERS0_RKS_IXT_EXT0_EXleT_Li64EEE will be added to the ProgramContainer
programModel::INFOR: Function _ZNK10ap_privateILi1ELb0ELb1EE15get_cleared_VALEv will be added to the ProgramContainer
programModel::INFOR: Function _ZN11ap_int_baseILi55ELb1EEC1ILi54ELb1EEERKS_IXT_EXT0_EE will be added to the ProgramContainer
programModel::INFOR: Function _ZN11ap_int_baseILi55ELb1EEC2ILi54ELb1EEERKS_IXT_EXT0_EE will be added to the ProgramContainer
programModel::INFOR: Function _ZN10ap_privateILi55ELb1ELb1EEC1ILi54ELb1ELb1EEERKS_IXT_EXT0_EXT1_EE will be added to the ProgramContainer
programModel::INFOR: Function _ZN10ap_privateILi55ELb1ELb1EEC2ILi54ELb1ELb1EEERKS_IXT_EXT0_EXT1_EE will be added to the ProgramContainer
programModel::INFOR: Function _ZN10ap_privateILi55ELb1ELb1EEaSILi54ELb1EEERS0_RKS_IXT_EXT0_EXleT_Li64EEE will be added to the ProgramContainer
programModel::INFOR: Function _ZN11ap_int_baseILi55ELb1EEC1Ei will be added to the ProgramContainer
programModel::INFOR: Function _ZN11ap_int_baseILi55ELb1EEC2Ei will be added to the ProgramContainer
programModel::INFOR: Function _ZN10ap_privateILi55ELb1ELb1EEC1Ei will be added to the ProgramContainer
programModel::INFOR: Function _ZN10ap_privateILi55ELb1ELb1EEC2Ei will be added to the ProgramContainer
programModel::INFOR: Function _ZN10ap_privateILi55ELb1ELb1EEaSEi will be added to the ProgramContainer
programModel::INFOR: Function _ZNK10ap_privateILi55ELb1ELb1EEmiILi55ELb1EEENS0_5RTypeIXT_EXT0_EE5minusERKS_IXT_EXT0_EXleT_Li64EEE will be added to the ProgramContainer
programModel::INFOR: Function _ZNK10ap_privateILi55ELb1ELb1EE15get_cleared_VALEv will be added to the ProgramContainer
programModel::INFOR: Function _ZN10ap_privateILi56ELb1ELb1EEC1El will be added to the ProgramContainer
programModel::INFOR: Function _ZN10ap_privateILi56ELb1ELb1EEC2El will be added to the ProgramContainer
programModel::INFOR: Function _ZN10ap_privateILi56ELb1ELb1EE10set_canaryEv will be added to the ProgramContainer
programModel::INFOR: Function _ZN10ap_privateILi56ELb1ELb1EE15clearUnusedBitsEv will be added to the ProgramContainer
programModel::INFOR: Function _ZN10ap_privateILi56ELb1ELb1EE12check_canaryEv will be added to the ProgramContainer
programModel::INFOR: Function _ZN10ap_privateILi55ELb1ELb1EEaSILi56ELb1EEERS0_RKS_IXT_EXT0_EXleT_Li64EEE will be added to the ProgramContainer
programModel::INFOR: Function _ZNK10ap_privateILi56ELb1ELb1EE15get_cleared_VALEv will be added to the ProgramContainer
programModel::INFOR: Function _ZN6ap_intILi55EEC1ILi55ELb1EEERK11ap_int_baseIXT_EXT0_EE will be added to the ProgramContainer
programModel::INFOR: Function _ZN6ap_intILi55EEC2ILi55ELb1EEERK11ap_int_baseIXT_EXT0_EE will be added to the ProgramContainer
programModel::INFOR: Function _ZN11ap_int_baseILi54ELb1EEaSILi55ELb1EEERS0_RKS_IXT_EXT0_EE will be added to the ProgramContainer
programModel::INFOR: Function _ZN10ap_privateILi54ELb1ELb1EEaSILi55ELb1EEERS0_RKS_IXT_EXT0_EXleT_Li64EEE will be added to the ProgramContainer
programModel::INFOR: Function _Z15axis_gemv_fixedRN3hls6streamINS_4axisI8ap_fixedILi25ELi7EL9ap_q_mode5EL9ap_o_mode3ELi0EELm0ELm0ELm0ELh56ELb0EEELi0EEERNS0_INS1_IS2_ILi32ELi16ELS3_5ELS4_3ELi0EELm0ELm0ELm0ELh56ELb0EEELi0EEE will be added to the ProgramContainer
programModel::INFOR: Function _ZN3hls6streamINS_4axisI8ap_fixedILi32ELi16EL9ap_q_mode5EL9ap_o_mode3ELi0EELm0ELm0ELm0ELh56ELb0EEELi0EE4readEv will be added to the ProgramContainer
programModel::INFOR: Function _ZN3hls4axisI8ap_fixedILi32ELi16EL9ap_q_mode5EL9ap_o_mode3ELi0EELm0ELm0ELm0ELh56ELb0EEaSEOS5_ will be added to the ProgramContainer
programModel::INFOR: Function _ZN8ap_fixedILi32ELi16EL9ap_q_mode5EL9ap_o_mode3ELi0EEaSERKS2_ will be added to the ProgramContainer
programModel::INFOR: Function _ZN13ap_fixed_baseILi32ELi16ELb1EL9ap_q_mode5EL9ap_o_mode3ELi0EEaSERKS2_ will be added to the ProgramContainer
programModel::INFOR: Function _ZN12ssdm_int_simILi32ELb1EEaSERKS0_ will be added to the ProgramContainer
programModel::INFOR: Function _ZN10ap_privateILi32ELb1ELb1EEaSERKS0_ will be added to the ProgramContainer
programModel::INFOR: Function _ZN7ap_uintILi4EEaSERKS0_ will be added to the ProgramContainer
programModel::INFOR: Function _ZN11ap_int_baseILi4ELb0EEaSERKS0_ will be added to the ProgramContainer
programModel::INFOR: Function _ZN12ssdm_int_simILi4ELb0EEaSERKS0_ will be added to the ProgramContainer
programModel::INFOR: Function _ZN10ap_privateILi4ELb0ELb1EEaSERKS0_ will be added to the ProgramContainer
programModel::INFOR: Function _ZNK10ap_privateILi4ELb0ELb1EE7get_VALEv will be added to the ProgramContainer
programModel::INFOR: Function _ZNK13ap_fixed_baseILi32ELi16ELb1EL9ap_q_mode5EL9ap_o_mode3ELi0EE9to_stringB5cxx11Ehb will be added to the ProgramContainer
programModel::INFOR: Function _ZltILi32ELb1EEbRK10ap_privateIXT_EXT0_EXleT_Li64EEEi will be added to the ProgramContainer
programModel::INFOR: Function _ZNK10ap_privateILi32ELb1ELb1EEltILi32ELb1EEEbRKS_IXT_EXT0_EXleT_Li64EEE will be added to the ProgramContainer
programModel::INFOR: Function _ZN10ap_privateILi33ELb1ELb1EEC1ILi32ELb1ELb1EEERKS_IXT_EXT0_EXT1_EE will be added to the ProgramContainer
programModel::INFOR: Function _ZN10ap_privateILi33ELb1ELb1EEC2ILi32ELb1ELb1EEERKS_IXT_EXT0_EXT1_EE will be added to the ProgramContainer
programModel::INFOR: Function _ZNK10ap_privateILi33ELb1ELb1EE3sltILi33ELb1EEEbRKS_IXT_EXT0_EXleT_Li64EEE will be added to the ProgramContainer
programModel::INFOR: Function _ZNK10ap_privateILi33ELb1ELb1EE7get_VALEv will be added to the ProgramContainer
programModel::INFOR: Function _ZN13ap_fixed_baseILi33ELi17ELb1EL9ap_q_mode5EL9ap_o_mode3ELi0EEC1ILi32ELi16ELb1ELS0_5ELS1_3ELi0EEERKS_IXT_EXT0_EXT1_EXT2_EXT3_EXT4_EE will be added to the ProgramContainer
programModel::INFOR: Function _ZN13ap_fixed_baseILi33ELi17ELb1EL9ap_q_mode5EL9ap_o_mode3ELi0EEC2ILi32ELi16ELb1ELS0_5ELS1_3ELi0EEERKS_IXT_EXT0_EXT1_EXT2_EXT3_EXT4_EE will be added to the ProgramContainer
programModel::INFOR: Function _ZN12ssdm_int_simILi33ELb1EEC2E10ap_privateILi33ELb1ELb1EE will be added to the ProgramContainer
programModel::INFOR: Function _ZN13ap_fixed_baseILi33ELi17ELb1EL9ap_q_mode5EL9ap_o_mode3ELi0EEaSILi32ELi16ELb1ELS0_5ELS1_3ELi0EEERS2_RKS_IXT_EXT0_EXT1_EXT2_EXT3_EXT4_EE will be added to the ProgramContainer
programModel::INFOR: Function _ZNK13ap_fixed_baseILi32ELi16ELb1EL9ap_q_mode5EL9ap_o_mode3ELi0EEntEv will be added to the ProgramContainer
programModel::INFOR: Function _ZNK10ap_privateILi32ELb1ELb1EEeqEm will be added to the ProgramContainer
programModel::INFOR: Function _ZNK10ap_privateILi32ELb1ELb1EE7get_bitEi will be added to the ProgramContainer
programModel::INFOR: Function _ZN10ap_privateILi33ELb1ELb1EEaSILi32ELb1EEERS0_RKS_IXT_EXT0_EXleT_Li64EEE will be added to the ProgramContainer
programModel::INFOR: Function _ZN13ap_fixed_baseILi33ELi17ELb1EL9ap_q_mode5EL9ap_o_mode3ELi0EE6reportEv will be added to the ProgramContainer
programModel::INFOR: Function _ZN11ap_int_baseILi17ELb0EEC1Ev will be added to the ProgramContainer
programModel::INFOR: Function _ZN11ap_int_baseILi17ELb0EEC2Ev will be added to the ProgramContainer
programModel::INFOR: Function _ZN12ssdm_int_simILi17ELb0EEC2Ev will be added to the ProgramContainer
programModel::INFOR: Function _ZN10ap_privateILi17ELb0ELb1EEC1Ev will be added to the ProgramContainer
programModel::INFOR: Function _ZN10ap_privateILi17ELb0ELb1EEC2Ev will be added to the ProgramContainer
programModel::INFOR: Function _ZN10ap_privateILi17ELb0ELb1EE10set_canaryEv will be added to the ProgramContainer
programModel::INFOR: Function _ZN10ap_privateILi17ELb0ELb1EE15clearUnusedBitsEv will be added to the ProgramContainer
programModel::INFOR: Function _ZN10ap_privateILi17ELb0ELb1EE12check_canaryEv will be added to the ProgramContainer
programModel::INFOR: Function _ZN10ap_privateILi33ELb1ELb1EE5rangeEii will be added to the ProgramContainer
programModel::INFOR: Function _ZN18_private_range_refILi33ELb1EEC1EP10ap_privateILi33ELb1ELb1EEii will be added to the ProgramContainer
programModel::INFOR: Function _ZN18_private_range_refILi33ELb1EEC2EP10ap_privateILi33ELb1ELb1EEii will be added to the ProgramContainer
programModel::INFOR: Function _ZN10ap_privateILi17ELb0ELb1EEaSILi33ELb1EEERS0_RK18_private_range_refIXT_EXT0_EE will be added to the ProgramContainer
programModel::INFOR: Function _ZN10ap_privateILi33ELb0ELb1EEC1ILi33ELb1EEERK18_private_range_refIXT_EXT0_EE will be added to the ProgramContainer
programModel::INFOR: Function _ZN10ap_privateILi33ELb0ELb1EEC2ILi33ELb1EEERK18_private_range_refIXT_EXT0_EE will be added to the ProgramContainer
programModel::INFOR: Function _ZNK18_private_range_refILi33ELb1EE3getEv will be added to the ProgramContainer
programModel::INFOR: Function _ZN10ap_privateILi33ELb0ELb1EEC1Ei will be added to the ProgramContainer
programModel::INFOR: Function _ZN10ap_privateILi33ELb0ELb1EEC2Ei will be added to the ProgramContainer
programModel::INFOR: Function _ZN10ap_privateILi33ELb0ELb1EE10set_canaryEv will be added to the ProgramContainer
programModel::INFOR: Function _ZN10ap_privateILi33ELb0ELb1EE15clearUnusedBitsEv will be added to the ProgramContainer
programModel::INFOR: Function _ZN10ap_privateILi33ELb0ELb1EE12check_canaryEv will be added to the ProgramContainer
programModel::INFOR: Function _ZN10ap_privateILi33ELb0ELb1EEaSILi33ELb1EEERS0_RKS_IXT_EXT0_EXleT_Li64EEE will be added to the ProgramContainer
programModel::INFOR: Function _ZrSILi33ELb0EER10ap_privateIXT_EXT0_EXleT_Li64EEES2_i will be added to the ProgramContainer
programModel::INFOR: Function _ZNK10ap_privateILi33ELb0ELb1EErsEi will be added to the ProgramContainer
programModel::INFOR: Function _ZNK10ap_privateILi33ELb0ELb1EE4lshrEj will be added to the ProgramContainer
programModel::INFOR: Function _ZNK10ap_privateILi33ELb0ELb1EE15get_cleared_VALEv will be added to the ProgramContainer
programModel::INFOR: Function _ZN10ap_privateILi33ELb0ELb1EEC1Em will be added to the ProgramContainer
programModel::INFOR: Function _ZN10ap_privateILi33ELb0ELb1EEC2Em will be added to the ProgramContainer
programModel::INFOR: Function _ZN10ap_privateILi33ELb0ELb1EEaSERKS0_ will be added to the ProgramContainer
programModel::INFOR: Function _ZNK10ap_privateILi33ELb0ELb1EE7get_VALEv will be added to the ProgramContainer
programModel::INFOR: Function _ZNK10ap_privateILi33ELb0ELb1EEcvmEv will be added to the ProgramContainer
programModel::INFOR: Function _ZN10ap_privateILi17ELb0ELb1EEaSILi33ELb0EEERS0_RKS_IXT_EXT0_EXleT_Li64EEE will be added to the ProgramContainer
programModel::INFOR: Function _ZNK11ap_int_baseILi17ELb0EE9to_stringB5cxx11Eab will be added to the ProgramContainer
programModel::INFOR: Function _ZNK10ap_privateILi17ELb0ELb1EE9to_stringB5cxx11Ehb will be added to the ProgramContainer
programModel::INFOR: Function _ZNK10ap_privateILi17ELb0ELb1EE8toStringB5cxx11Ehb will be added to the ProgramContainer
programModel::INFOR: Function _ZN10ap_privateILi6ELb0ELb1EEC1Eh will be added to the ProgramContainer
programModel::INFOR: Function _ZN10ap_privateILi6ELb0ELb1EEC2Eh will be added to the ProgramContainer
programModel::INFOR: Function _ZN10ap_privateILi6ELb0ELb1EE10set_canaryEv will be added to the ProgramContainer
programModel::INFOR: Function _ZN10ap_privateILi6ELb0ELb1EE15clearUnusedBitsEv will be added to the ProgramContainer
programModel::INFOR: Function _ZN10ap_privateILi6ELb0ELb1EE12check_canaryEv will be added to the ProgramContainer
programModel::INFOR: Function _ZN10ap_privateILi17ELb0ELb1EEC1Ei will be added to the ProgramContainer
programModel::INFOR: Function _ZN10ap_privateILi17ELb0ELb1EEC2Ei will be added to the ProgramContainer
programModel::INFOR: Function _ZN10ap_privateILi17ELb0ELb1EEC1Ey will be added to the ProgramContainer
programModel::INFOR: Function _ZN10ap_privateILi17ELb0ELb1EEC2Ey will be added to the ProgramContainer
programModel::INFOR: Function _ZNK10ap_privateILi17ELb0ELb1EEeqERKS0_ will be added to the ProgramContainer
programModel::INFOR: Function _ZNK10ap_privateILi17ELb0ELb1EE15get_cleared_VALEv will be added to the ProgramContainer
programModel::INFOR: Function _ZNK10ap_privateILi17ELb0ELb1EE2neILi17ELb0EEEbRKS_IXT_EXT0_EXleT_Li64EEE will be added to the ProgramContainer
programModel::INFOR: Function _ZNK10ap_privateILi17ELb0ELb1EErmILi6ELb0EEENS0_5RTypeIXT_EXT0_EE3modERKS_IXT_EXT0_EXleT_Li64EEE will be added to the ProgramContainer
programModel::INFOR: Function _ZN10ap_privateILi17ELb0ELb1EEC1ILi6ELb0ELb1EEERKS_IXT_EXT0_EXT1_EE will be added to the ProgramContainer
programModel::INFOR: Function _ZN10ap_privateILi17ELb0ELb1EEC2ILi6ELb0ELb1EEERKS_IXT_EXT0_EXT1_EE will be added to the ProgramContainer
programModel::INFOR: Function _ZNK10ap_privateILi6ELb0ELb1EE7get_VALEv will be added to the ProgramContainer
programModel::INFOR: Function _ZNK10ap_privateILi17ELb0ELb1EE4uremILb0EEES0_RKS_ILi17EXT_ELb1EE will be added to the ProgramContainer
programModel::INFOR: Function _ZN10ap_privateILi17ELb0ELb1EE7get_VALEv will be added to the ProgramContainer
programModel::INFOR: Function _ZN10ap_privateILi17ELb0ELb1EEC1Em will be added to the ProgramContainer
programModel::INFOR: Function _ZN10ap_privateILi17ELb0ELb1EEC2Em will be added to the ProgramContainer
programModel::INFOR: Function _ZN10ap_privateILi6ELb0ELb1EEC1ILi17ELb0ELb1EEERKS_IXT_EXT0_EXT1_EE will be added to the ProgramContainer
programModel::INFOR: Function _ZN10ap_privateILi6ELb0ELb1EEC2ILi17ELb0ELb1EEERKS_IXT_EXT0_EXT1_EE will be added to the ProgramContainer
programModel::INFOR: Function _ZNK10ap_privateILi17ELb0ELb1EE7get_VALEv will be added to the ProgramContainer
programModel::INFOR: Function _ZNK10ap_privateILi17ELb0ELb1EEdvILi6ELb0EEENS0_5RTypeIXT_EXT0_EE3divERKS_IXT_EXT0_EXleT_Li64EEE will be added to the ProgramContainer
programModel::INFOR: Function _ZNK10ap_privateILi17ELb0ELb1EE4udivERKS0_ will be added to the ProgramContainer
programModel::INFOR: Function _ZNK10ap_privateILi17ELb0ELb1EE12getZExtValueEv will be added to the ProgramContainer
programModel::INFOR: Function _ZN10ap_privateILi17ELb0ELb1EEaSERKS0_ will be added to the ProgramContainer
programModel::INFOR: Function _ZN13ap_fixed_baseILi16ELi0ELb0EL9ap_q_mode5EL9ap_o_mode3ELi0EEC1ILi33ELi17ELb1ELS0_5ELS1_3ELi0EEERKS_IXT_EXT0_EXT1_EXT2_EXT3_EXT4_EE will be added to the ProgramContainer
programModel::INFOR: Function _ZN13ap_fixed_baseILi16ELi0ELb0EL9ap_q_mode5EL9ap_o_mode3ELi0EEC2ILi33ELi17ELb1ELS0_5ELS1_3ELi0EEERKS_IXT_EXT0_EXT1_EXT2_EXT3_EXT4_EE will be added to the ProgramContainer
programModel::INFOR: Function _ZN10ap_privateILi16ELb0ELb1EEC1ILi33ELb1ELb1EEERKS_IXT_EXT0_EXT1_EE will be added to the ProgramContainer
programModel::INFOR: Function _ZN10ap_privateILi16ELb0ELb1EEC2ILi33ELb1ELb1EEERKS_IXT_EXT0_EXT1_EE will be added to the ProgramContainer
programModel::INFOR: Function _ZN10ap_privateILi16ELb0ELb1EE10set_canaryEv will be added to the ProgramContainer
programModel::INFOR: Function _ZN10ap_privateILi16ELb0ELb1EE15clearUnusedBitsEv will be added to the ProgramContainer
programModel::INFOR: Function _ZN10ap_privateILi16ELb0ELb1EE12check_canaryEv will be added to the ProgramContainer
programModel::INFOR: Function _ZN12ssdm_int_simILi16ELb0EEC2E10ap_privateILi16ELb0ELb1EE will be added to the ProgramContainer
programModel::INFOR: Function _ZN13ap_fixed_baseILi16ELi0ELb0EL9ap_q_mode5EL9ap_o_mode3ELi0EEaSILi33ELi17ELb1ELS0_5ELS1_3ELi0EEERS2_RKS_IXT_EXT0_EXT1_EXT2_EXT3_EXT4_EE will be added to the ProgramContainer
programModel::INFOR: Function _ZNK13ap_fixed_baseILi33ELi17ELb1EL9ap_q_mode5EL9ap_o_mode3ELi0EEntEv will be added to the ProgramContainer
programModel::INFOR: Function _ZNK10ap_privateILi33ELb1ELb1EEeqEm will be added to the ProgramContainer
programModel::INFOR: Function _ZNK10ap_privateILi33ELb1ELb1EE7get_bitEi will be added to the ProgramContainer
programModel::INFOR: Function _ZN10ap_privateILi16ELb0ELb1EEaSILi33ELb1EEERS0_RKS_IXT_EXT0_EXleT_Li64EEE will be added to the ProgramContainer
programModel::INFOR: Function _ZN13ap_fixed_baseILi16ELi0ELb0EL9ap_q_mode5EL9ap_o_mode3ELi0EE6reportEv will be added to the ProgramContainer
programModel::INFOR: Function _ZneILi16ELi0ELb0EL9ap_q_mode5EL9ap_o_mode3ELi0EEbRK13ap_fixed_baseIXT_EXT0_EXT1_EXT2_EXT3_EXT4_EEi will be added to the ProgramContainer
programModel::INFOR: Function _ZN13ap_fixed_baseILi32ELi32ELb1EL9ap_q_mode5EL9ap_o_mode3ELi0EEC1Ei will be added to the ProgramContainer
programModel::INFOR: Function _ZN13ap_fixed_baseILi32ELi32ELb1EL9ap_q_mode5EL9ap_o_mode3ELi0EEC2Ei will be added to the ProgramContainer
programModel::INFOR: Function _ZN13ap_fixed_baseILi32ELi32ELb1EL9ap_q_mode5EL9ap_o_mode3ELi0EEC1Ev will be added to the ProgramContainer
programModel::INFOR: Function _ZN13ap_fixed_baseILi32ELi32ELb1EL9ap_q_mode5EL9ap_o_mode3ELi0EEC2Ev will be added to the ProgramContainer
programModel::INFOR: Function _ZN13ap_fixed_baseILi32ELi32ELb1EL9ap_q_mode5EL9ap_o_mode3ELi0EEaSERKS2_ will be added to the ProgramContainer
programModel::INFOR: Function _ZNK13ap_fixed_baseILi16ELi0ELb0EL9ap_q_mode5EL9ap_o_mode3ELi0EEneILi32ELi32ELb1ELS0_5ELS1_3ELi0EEEbRKS_IXT_EXT0_EXT1_EXT2_EXT3_EXT4_EE will be added to the ProgramContainer
programModel::INFOR: Function _ZN13ap_fixed_baseILi48ELi32ELb1EL9ap_q_mode5EL9ap_o_mode3ELi0EEC1ILi32ELi32ELb1ELS0_5ELS1_3ELi0EEERKS_IXT_EXT0_EXT1_EXT2_EXT3_EXT4_EE will be added to the ProgramContainer
programModel::INFOR: Function _ZN13ap_fixed_baseILi48ELi32ELb1EL9ap_q_mode5EL9ap_o_mode3ELi0EEC2ILi32ELi32ELb1ELS0_5ELS1_3ELi0EEERKS_IXT_EXT0_EXT1_EXT2_EXT3_EXT4_EE will be added to the ProgramContainer
programModel::INFOR: Function _ZN10ap_privateILi48ELb1ELb1EEC1ILi32ELb1ELb1EEERKS_IXT_EXT0_EXT1_EE will be added to the ProgramContainer
programModel::INFOR: Function _ZN10ap_privateILi48ELb1ELb1EEC2ILi32ELb1ELb1EEERKS_IXT_EXT0_EXT1_EE will be added to the ProgramContainer
programModel::INFOR: Function _ZN10ap_privateILi48ELb1ELb1EE10set_canaryEv will be added to the ProgramContainer
programModel::INFOR: Function _ZN10ap_privateILi48ELb1ELb1EE15clearUnusedBitsEv will be added to the ProgramContainer
programModel::INFOR: Function _ZN10ap_privateILi48ELb1ELb1EE12check_canaryEv will be added to the ProgramContainer
programModel::INFOR: Function _ZN12ssdm_int_simILi48ELb1EEC2E10ap_privateILi48ELb1ELb1EE will be added to the ProgramContainer
programModel::INFOR: Function _ZN13ap_fixed_baseILi48ELi32ELb1EL9ap_q_mode5EL9ap_o_mode3ELi0EEaSILi32ELi32ELb1ELS0_5ELS1_3ELi0EEERS2_RKS_IXT_EXT0_EXT1_EXT2_EXT3_EXT4_EE will be added to the ProgramContainer
programModel::INFOR: Function _ZNK13ap_fixed_baseILi32ELi32ELb1EL9ap_q_mode5EL9ap_o_mode3ELi0EEntEv will be added to the ProgramContainer
programModel::INFOR: Function _ZN10ap_privateILi48ELb1ELb1EEaSEi will be added to the ProgramContainer
programModel::INFOR: Function _ZN10ap_privateILi48ELb1ELb1EEaSILi32ELb1EEERS0_RKS_IXT_EXT0_EXleT_Li64EEE will be added to the ProgramContainer
programModel::INFOR: Function _ZN10ap_privateILi48ELb1ELb1EElSEj will be added to the ProgramContainer
programModel::INFOR: Function _ZNK10ap_privateILi48ELb1ELb1EElsEj will be added to the ProgramContainer
programModel::INFOR: Function _ZNK10ap_privateILi48ELb1ELb1EE3shlEj will be added to the ProgramContainer
programModel::INFOR: Function _ZNK10ap_privateILi48ELb1ELb1EE15get_cleared_VALEv will be added to the ProgramContainer
programModel::INFOR: Function _ZN10ap_privateILi48ELb1ELb1EEC1Em will be added to the ProgramContainer
programModel::INFOR: Function _ZN10ap_privateILi48ELb1ELb1EEC2Em will be added to the ProgramContainer
programModel::INFOR: Function _ZN10ap_privateILi48ELb1ELb1EEaSERKS0_ will be added to the ProgramContainer
programModel::INFOR: Function _ZNK10ap_privateILi48ELb1ELb1EE7get_VALEv will be added to the ProgramContainer
programModel::INFOR: Function _ZN13ap_fixed_baseILi48ELi32ELb1EL9ap_q_mode5EL9ap_o_mode3ELi0EE6reportEv will be added to the ProgramContainer
programModel::INFOR: Function _ZNK10ap_privateILi16ELb0ELb1EEneILi48ELb1EEEbRKS_IXT_EXT0_EXleT_Li64EEE will be added to the ProgramContainer
programModel::INFOR: Function _ZNK10ap_privateILi16ELb0ELb1EEeqILi48ELb1EEEbRKS_IXT_EXT0_EXleT_Li64EEE will be added to the ProgramContainer
programModel::INFOR: Function _ZN10ap_privateILi48ELb0ELb1EEC1ILi16ELb0ELb1EEERKS_IXT_EXT0_EXT1_EE will be added to the ProgramContainer
programModel::INFOR: Function _ZN10ap_privateILi48ELb0ELb1EEC2ILi16ELb0ELb1EEERKS_IXT_EXT0_EXT1_EE will be added to the ProgramContainer
programModel::INFOR: Function _ZNK10ap_privateILi16ELb0ELb1EE7get_VALEv will be added to the ProgramContainer
programModel::INFOR: Function _ZN10ap_privateILi48ELb0ELb1EE10set_canaryEv will be added to the ProgramContainer
programModel::INFOR: Function _ZN10ap_privateILi48ELb0ELb1EE15clearUnusedBitsEv will be added to the ProgramContainer
programModel::INFOR: Function _ZN10ap_privateILi48ELb0ELb1EE12check_canaryEv will be added to the ProgramContainer
programModel::INFOR: Function _ZN10ap_privateILi48ELb0ELb1EEC1ILi48ELb1ELb1EEERKS_IXT_EXT0_EXT1_EE will be added to the ProgramContainer
programModel::INFOR: Function _ZN10ap_privateILi48ELb0ELb1EEC2ILi48ELb1ELb1EEERKS_IXT_EXT0_EXT1_EE will be added to the ProgramContainer
programModel::INFOR: Function _ZN10ap_privateILi48ELb0ELb1EE7get_VALEv will be added to the ProgramContainer
programModel::INFOR: Function _ZmlILi16ELi0ELb0EL9ap_q_mode5EL9ap_o_mode3ELi0EEN13ap_fixed_baseIXT_EXT0_EXT1_ELS0_5ELS1_3ELi0EE5RTypeILi8ELi8ELb0EE4multERKS2_IXT_EXT0_EXT1_EXT2_EXT3_EXT4_EEh will be added to the ProgramContainer
programModel::INFOR: Function _ZN13ap_fixed_baseILi8ELi8ELb0EL9ap_q_mode5EL9ap_o_mode3ELi0EEC1Eh will be added to the ProgramContainer
programModel::INFOR: Function _ZN13ap_fixed_baseILi8ELi8ELb0EL9ap_q_mode5EL9ap_o_mode3ELi0EEC2Eh will be added to the ProgramContainer
programModel::INFOR: Function _ZN12ssdm_int_simILi8ELb0EEC2Ev will be added to the ProgramContainer
programModel::INFOR: Function _ZN10ap_privateILi8ELb0ELb1EEC1Ev will be added to the ProgramContainer
programModel::INFOR: Function _ZN10ap_privateILi8ELb0ELb1EEC2Ev will be added to the ProgramContainer
programModel::INFOR: Function _ZN10ap_privateILi8ELb0ELb1EE10set_canaryEv will be added to the ProgramContainer
programModel::INFOR: Function _ZN10ap_privateILi8ELb0ELb1EE15clearUnusedBitsEv will be added to the ProgramContainer
programModel::INFOR: Function _ZN10ap_privateILi8ELb0ELb1EE12check_canaryEv will be added to the ProgramContainer
programModel::INFOR: Function _ZN13ap_fixed_baseILi8ELi8ELb0EL9ap_q_mode5EL9ap_o_mode3ELi0EEC1Ev will be added to the ProgramContainer
programModel::INFOR: Function _ZN13ap_fixed_baseILi8ELi8ELb0EL9ap_q_mode5EL9ap_o_mode3ELi0EEC2Ev will be added to the ProgramContainer
programModel::INFOR: Function _ZN10ap_privateILi8ELb0ELb1EEaSEh will be added to the ProgramContainer
programModel::INFOR: Function _ZN13ap_fixed_baseILi8ELi8ELb0EL9ap_q_mode5EL9ap_o_mode3ELi0EEaSERKS2_ will be added to the ProgramContainer
programModel::INFOR: Function _ZN12ssdm_int_simILi8ELb0EEaSERKS0_ will be added to the ProgramContainer
programModel::INFOR: Function _ZN10ap_privateILi8ELb0ELb1EEaSERKS0_ will be added to the ProgramContainer
programModel::INFOR: Function _ZNK10ap_privateILi8ELb0ELb1EE7get_VALEv will be added to the ProgramContainer
programModel::INFOR: Function _ZNK13ap_fixed_baseILi16ELi0ELb0EL9ap_q_mode5EL9ap_o_mode3ELi0EEmlILi8ELi8ELb0ELS0_5ELS1_3ELi0EEENS2_5RTypeIXT_EXT0_EXT1_EE4multERKS_IXT_EXT0_EXT1_EXT2_EXT3_EXT4_EE will be added to the ProgramContainer
programModel::INFOR: Function _ZN13ap_fixed_baseILi24ELi8ELb0EL9ap_q_mode5EL9ap_o_mode3ELi0EEC1Ei will be added to the ProgramContainer
programModel::INFOR: Function _ZN13ap_fixed_baseILi24ELi8ELb0EL9ap_q_mode5EL9ap_o_mode3ELi0EEC2Ei will be added to the ProgramContainer
programModel::INFOR: Function _ZN12ssdm_int_simILi24ELb0EEC2Ev will be added to the ProgramContainer
programModel::INFOR: Function _ZN10ap_privateILi24ELb0ELb1EEC1Ev will be added to the ProgramContainer
programModel::INFOR: Function _ZN10ap_privateILi24ELb0ELb1EEC2Ev will be added to the ProgramContainer
programModel::INFOR: Function _ZN10ap_privateILi24ELb0ELb1EE10set_canaryEv will be added to the ProgramContainer
programModel::INFOR: Function _ZN10ap_privateILi24ELb0ELb1EE15clearUnusedBitsEv will be added to the ProgramContainer
programModel::INFOR: Function _ZN10ap_privateILi24ELb0ELb1EE12check_canaryEv will be added to the ProgramContainer
programModel::INFOR: Function _ZN13ap_fixed_baseILi24ELi8ELb0EL9ap_q_mode5EL9ap_o_mode3ELi0EEaSILi32ELi32ELb1ELS0_5ELS1_3ELi0EEERS2_RKS_IXT_EXT0_EXT1_EXT2_EXT3_EXT4_EE will be added to the ProgramContainer
programModel::INFOR: Function _ZN10ap_privateILi24ELb0ELb1EEaSEi will be added to the ProgramContainer
programModel::INFOR: Function _ZNK10ap_privateILi32ELb1ELb1EElsEj will be added to the ProgramContainer
programModel::INFOR: Function _ZNK10ap_privateILi32ELb1ELb1EE3shlEj will be added to the ProgramContainer
programModel::INFOR: Function _ZN10ap_privateILi32ELb1ELb1EEC1Em will be added to the ProgramContainer
programModel::INFOR: Function _ZN10ap_privateILi32ELb1ELb1EEC2Em will be added to the ProgramContainer
programModel::INFOR: Function _ZN10ap_privateILi24ELb0ELb1EEaSILi32ELb1EEERS0_RKS_IXT_EXT0_EXleT_Li64EEE will be added to the ProgramContainer
programModel::INFOR: Function _ZN10ap_privateILi24ELb0ELb1EEaSILi16ELb0EEERS0_RKS_IXT_EXT0_EXleT_Li64EEE will be added to the ProgramContainer
programModel::INFOR: Function _ZNK10ap_privateILi16ELb0ELb1EE15get_cleared_VALEv will be added to the ProgramContainer
programModel::INFOR: Function _ZN10ap_privateILi24ELb0ELb1EEaSILi8ELb0EEERS0_RKS_IXT_EXT0_EXleT_Li64EEE will be added to the ProgramContainer
programModel::INFOR: Function _ZNK10ap_privateILi8ELb0ELb1EE15get_cleared_VALEv will be added to the ProgramContainer
programModel::INFOR: Function _ZN10ap_privateILi24ELb0ELb1EEmLILi8ELb0EEERS0_RKS_IXT_EXT0_EXleT_Li64EEE will be added to the ProgramContainer
programModel::INFOR: Function _ZN10ap_privateILi24ELb0ELb1EE15get_cleared_VALEv will be added to the ProgramContainer
programModel::INFOR: Function _ZN9ap_ufixedILi24ELi8EL9ap_q_mode5EL9ap_o_mode3ELi0EEC1ILi24ELi8ELb0ELS0_5ELS1_3ELi0EEERK13ap_fixed_baseIXT_EXT0_EXT1_EXT2_EXT3_EXT4_EE will be added to the ProgramContainer
programModel::INFOR: Function _ZN9ap_ufixedILi24ELi8EL9ap_q_mode5EL9ap_o_mode3ELi0EEC2ILi24ELi8ELb0ELS0_5ELS1_3ELi0EEERK13ap_fixed_baseIXT_EXT0_EXT1_EXT2_EXT3_EXT4_EE will be added to the ProgramContainer
programModel::INFOR: Function _ZNK13ap_fixed_baseILi24ELi8ELb0EL9ap_q_mode5EL9ap_o_mode3ELi0EE7to_charEv will be added to the ProgramContainer
programModel::INFOR: Function _ZNK13ap_fixed_baseILi24ELi8ELb0EL9ap_q_mode5EL9ap_o_mode3ELi0EE14to_ap_int_baseEb will be added to the ProgramContainer
programModel::INFOR: Function _ZN11ap_int_baseILi8ELb0EEC1Ei will be added to the ProgramContainer
programModel::INFOR: Function _ZN11ap_int_baseILi8ELb0EEC2Ei will be added to the ProgramContainer
programModel::INFOR: Function _ZN10ap_privateILi8ELb0ELb1EEC1Ei will be added to the ProgramContainer
programModel::INFOR: Function _ZN10ap_privateILi8ELb0ELb1EEC2Ei will be added to the ProgramContainer
programModel::INFOR: Function _ZN12ssdm_int_simILi8ELb0EEC2E10ap_privateILi8ELb0ELb1EE will be added to the ProgramContainer
programModel::INFOR: Function _ZN10ap_privateILi8ELb0ELb1EEaSEi will be added to the ProgramContainer
programModel::INFOR: Function _ZNK10ap_privateILi24ELb0ELb1EE5rangeEii will be added to the ProgramContainer
programModel::INFOR: Function _ZN18_private_range_refILi24ELb0EEC1EP10ap_privateILi24ELb0ELb1EEii will be added to the ProgramContainer
programModel::INFOR: Function _ZN18_private_range_refILi24ELb0EEC2EP10ap_privateILi24ELb0ELb1EEii will be added to the ProgramContainer
programModel::INFOR: Function _ZN10ap_privateILi8ELb0ELb1EEaSILi24ELb0EEERS0_RK18_private_range_refIXT_EXT0_EE will be added to the ProgramContainer
programModel::INFOR: Function _ZN10ap_privateILi24ELb0ELb1EEC1ILi24ELb0EEERK18_private_range_refIXT_EXT0_EE will be added to the ProgramContainer
programModel::INFOR: Function _ZN10ap_privateILi24ELb0ELb1EEC2ILi24ELb0EEERK18_private_range_refIXT_EXT0_EE will be added to the ProgramContainer
programModel::INFOR: Function _ZNK18_private_range_refILi24ELb0EE3getEv will be added to the ProgramContainer
programModel::INFOR: Function _ZN10ap_privateILi24ELb0ELb1EEC1Ei will be added to the ProgramContainer
programModel::INFOR: Function _ZN10ap_privateILi24ELb0ELb1EEC2Ei will be added to the ProgramContainer
programModel::INFOR: Function _ZN10ap_privateILi24ELb0ELb1EEaSERKS0_ will be added to the ProgramContainer
programModel::INFOR: Function _ZNK10ap_privateILi24ELb0ELb1EE7get_VALEv will be added to the ProgramContainer
programModel::INFOR: Function _ZrSILi24ELb0EER10ap_privateIXT_EXT0_EXleT_Li64EEES2_i will be added to the ProgramContainer
programModel::INFOR: Function _ZNK10ap_privateILi24ELb0ELb1EErsEi will be added to the ProgramContainer
programModel::INFOR: Function _ZNK10ap_privateILi24ELb0ELb1EE4lshrEj will be added to the ProgramContainer
programModel::INFOR: Function _ZNK10ap_privateILi24ELb0ELb1EE15get_cleared_VALEv will be added to the ProgramContainer
programModel::INFOR: Function _ZN10ap_privateILi24ELb0ELb1EEC1Em will be added to the ProgramContainer
programModel::INFOR: Function _ZN10ap_privateILi24ELb0ELb1EEC2Em will be added to the ProgramContainer
programModel::INFOR: Function _ZNK10ap_privateILi24ELb0ELb1EEcvjEv will be added to the ProgramContainer
programModel::INFOR: Function _ZN10ap_privateILi8ELb0ELb1EEaSILi24ELb0EEERS0_RKS_IXT_EXT0_EXleT_Li64EEE will be added to the ProgramContainer
programModel::INFOR: Function _ZNK11ap_int_baseILi8ELb0EE7to_charEv will be added to the ProgramContainer
programModel::INFOR: Function _ZNK10ap_privateILi8ELb0ELb1EEcvhEv will be added to the ProgramContainer
programModel::INFOR: Function _ZmLILi16ELi0ELb0EL9ap_q_mode5EL9ap_o_mode3ELi0EER13ap_fixed_baseIXT_EXT0_EXT1_EXT2_EXT3_EXT4_EES4_h will be added to the ProgramContainer
programModel::INFOR: Function _ZN13ap_fixed_baseILi16ELi0ELb0EL9ap_q_mode5EL9ap_o_mode3ELi0EEmLILi8ELi8ELb0ELS0_5ELS1_3ELi0EEERS2_RKS_IXT_EXT0_EXT1_EXT2_EXT3_EXT4_EE will be added to the ProgramContainer
programModel::INFOR: Function _ZN13ap_fixed_baseILi16ELi0ELb0EL9ap_q_mode5EL9ap_o_mode3ELi0EEaSILi24ELi8ELb0ELS0_5ELS1_3ELi0EEERS2_RKS_IXT_EXT0_EXT1_EXT2_EXT3_EXT4_EE will be added to the ProgramContainer
programModel::INFOR: Function _ZNK13ap_fixed_baseILi24ELi8ELb0EL9ap_q_mode5EL9ap_o_mode3ELi0EEntEv will be added to the ProgramContainer
programModel::INFOR: Function _ZNK10ap_privateILi24ELb0ELb1EEeqEm will be added to the ProgramContainer
programModel::INFOR: Function _ZNK10ap_privateILi24ELb0ELb1EE7get_bitEi will be added to the ProgramContainer
programModel::INFOR: Function _ZN10ap_privateILi16ELb0ELb1EEaSILi24ELb0EEERS0_RKS_IXT_EXT0_EXleT_Li64EEE will be added to the ProgramContainer
programModel::INFOR: Function _ZNK13ap_fixed_baseILi32ELi16ELb1EL9ap_q_mode5EL9ap_o_mode3ELi0EEcvdEv will be added to the ProgramContainer
programModel::INFOR: Function _ZNK13ap_fixed_baseILi32ELi16ELb1EL9ap_q_mode5EL9ap_o_mode3ELi0EE9to_doubleEv will be added to the ProgramContainer
programModel::INFOR: Function _ZNK10ap_privateILi32ELb1ELb1EEntEv will be added to the ProgramContainer
programModel::INFOR: Function _ZN11ap_int_baseILi32ELb0EEC1Ei will be added to the ProgramContainer
programModel::INFOR: Function _ZN11ap_int_baseILi32ELb0EEC2Ei will be added to the ProgramContainer
programModel::INFOR: Function _ZN10ap_privateILi32ELb0ELb1EEC1Ei will be added to the ProgramContainer
programModel::INFOR: Function _ZN10ap_privateILi32ELb0ELb1EEC2Ei will be added to the ProgramContainer
programModel::INFOR: Function _ZN12ssdm_int_simILi32ELb0EEC2E10ap_privateILi32ELb0ELb1EE will be added to the ProgramContainer
programModel::INFOR: Function _ZN10ap_privateILi32ELb0ELb1EEaSEi will be added to the ProgramContainer
programModel::INFOR: Function _ZN10ap_privateILi32ELb0ELb1EEaSILi32ELb1EEERS0_RKS_IXT_EXT0_EXleT_Li64EEE will be added to the ProgramContainer
programModel::INFOR: Function _ZNK11ap_int_baseILi32ELb0EE17countLeadingZerosEv will be added to the ProgramContainer
programModel::INFOR: Function _ZNK10ap_privateILi32ELb0ELb1EE17countLeadingZerosEv will be added to the ProgramContainer
programModel::INFOR: Function _ZNK10ap_privateILi32ELb0ELb1EE15get_cleared_VALEv will be added to the ProgramContainer
programModel::INFOR: Function _ZN8AESL_std3minIjEET_S1_S1_ will be added to the ProgramContainer
programModel::INFOR: Function _ZNK10ap_privateILi32ELb0ELb1EEcvjEv will be added to the ProgramContainer
programModel::INFOR: Function _Z20_AP_ctype_op_get_bitIyiEbRT_RKT0_ will be added to the ProgramContainer
programModel::INFOR: Function _Z20_AP_ctype_op_set_bitIyibET_RS0_RKT0_RKT1_ will be added to the ProgramContainer
programModel::INFOR: Function _Z22_AP_ctype_op_set_rangeIyiiiET_RS0_RKT0_RKT1_RKT2_ will be added to the ProgramContainer
programModel::INFOR: Function _Z15rawBitsToDoubley will be added to the ProgramContainer
programModel::INFOR: Function _ZNK11ap_int_baseILi1ELb0EEcvyEv will be added to the ProgramContainer
programModel::INFOR: Function _ZNK10ap_privateILi1ELb0ELb1EEcvhEv will be added to the ProgramContainer
programModel::INFOR: Function _ZNK13ap_fixed_baseILi33ELi17ELb1EL9ap_q_mode5EL9ap_o_mode3ELi0EEngEv will be added to the ProgramContainer
programModel::INFOR: Function _ZN13ap_fixed_baseILi34ELi18ELb1EL9ap_q_mode5EL9ap_o_mode3ELi0EEC1ILi33ELi17ELb1ELS0_5ELS1_3ELi0EEERKS_IXT_EXT0_EXT1_EXT2_EXT3_EXT4_EE will be added to the ProgramContainer
programModel::INFOR: Function _ZN13ap_fixed_baseILi34ELi18ELb1EL9ap_q_mode5EL9ap_o_mode3ELi0EEC2ILi33ELi17ELb1ELS0_5ELS1_3ELi0EEERKS_IXT_EXT0_EXT1_EXT2_EXT3_EXT4_EE will be added to the ProgramContainer
programModel::INFOR: Function _ZN10ap_privateILi34ELb1ELb1EEC1ILi33ELb1ELb1EEERKS_IXT_EXT0_EXT1_EE will be added to the ProgramContainer
programModel::INFOR: Function _ZN10ap_privateILi34ELb1ELb1EEC2ILi33ELb1ELb1EEERKS_IXT_EXT0_EXT1_EE will be added to the ProgramContainer
programModel::INFOR: Function _ZN10ap_privateILi34ELb1ELb1EE10set_canaryEv will be added to the ProgramContainer
programModel::INFOR: Function _ZN10ap_privateILi34ELb1ELb1EE15clearUnusedBitsEv will be added to the ProgramContainer
programModel::INFOR: Function _ZN10ap_privateILi34ELb1ELb1EE12check_canaryEv will be added to the ProgramContainer
programModel::INFOR: Function _ZN12ssdm_int_simILi34ELb1EEC2E10ap_privateILi34ELb1ELb1EE will be added to the ProgramContainer
programModel::INFOR: Function _ZN13ap_fixed_baseILi34ELi18ELb1EL9ap_q_mode5EL9ap_o_mode3ELi0EEaSILi33ELi17ELb1ELS0_5ELS1_3ELi0EEERS2_RKS_IXT_EXT0_EXT1_EXT2_EXT3_EXT4_EE will be added to the ProgramContainer
programModel::INFOR: Function _ZN10ap_privateILi34ELb1ELb1EEaSILi33ELb1EEERS0_RKS_IXT_EXT0_EXleT_Li64EEE will be added to the ProgramContainer
programModel::INFOR: Function _ZN13ap_fixed_baseILi34ELi18ELb1EL9ap_q_mode5EL9ap_o_mode3ELi0EE6reportEv will be added to the ProgramContainer
programModel::INFOR: Function _ZNK10ap_privateILi34ELb1ELb1EEngEv will be added to the ProgramContainer
programModel::INFOR: Function _ZNK10ap_privateILi1ELb0ELb1EEmiILi34ELb1EEENS0_5RTypeIXT_EXT0_EE5minusERKS_IXT_EXT0_EXleT_Li64EEE will be added to the ProgramContainer
programModel::INFOR: Function _ZNK10ap_privateILi34ELb1ELb1EE15get_cleared_VALEv will be added to the ProgramContainer
programModel::INFOR: Function _ZN10ap_privateILi35ELb1ELb1EEC1El will be added to the ProgramContainer
programModel::INFOR: Function _ZN10ap_privateILi35ELb1ELb1EEC2El will be added to the ProgramContainer
programModel::INFOR: Function _ZN10ap_privateILi35ELb1ELb1EE10set_canaryEv will be added to the ProgramContainer
programModel::INFOR: Function _ZN10ap_privateILi35ELb1ELb1EE15clearUnusedBitsEv will be added to the ProgramContainer
programModel::INFOR: Function _ZN10ap_privateILi35ELb1ELb1EE12check_canaryEv will be added to the ProgramContainer
programModel::INFOR: Function _ZN10ap_privateILi34ELb1ELb1EEaSILi35ELb1EEERS0_RKS_IXT_EXT0_EXleT_Li64EEE will be added to the ProgramContainer
programModel::INFOR: Function _ZNK10ap_privateILi35ELb1ELb1EE15get_cleared_VALEv will be added to the ProgramContainer
programModel::INFOR: Function _ZN8ap_fixedILi34ELi18EL9ap_q_mode5EL9ap_o_mode3ELi0EEC1ILi34ELi18ELb1ELS0_5ELS1_3ELi0EEERK13ap_fixed_baseIXT_EXT0_EXT1_EXT2_EXT3_EXT4_EE will be added to the ProgramContainer
programModel::INFOR: Function _ZN8ap_fixedILi34ELi18EL9ap_q_mode5EL9ap_o_mode3ELi0EEC2ILi34ELi18ELb1ELS0_5ELS1_3ELi0EEERK13ap_fixed_baseIXT_EXT0_EXT1_EXT2_EXT3_EXT4_EE will be added to the ProgramContainer
programModel::INFOR: Function _ZN13ap_fixed_baseILi33ELi17ELb1EL9ap_q_mode5EL9ap_o_mode3ELi0EEaSILi34ELi18ELb1ELS0_5ELS1_3ELi0EEERS2_RKS_IXT_EXT0_EXT1_EXT2_EXT3_EXT4_EE will be added to the ProgramContainer
programModel::INFOR: Function _ZNK13ap_fixed_baseILi34ELi18ELb1EL9ap_q_mode5EL9ap_o_mode3ELi0EEntEv will be added to the ProgramContainer
programModel::INFOR: Function _ZNK10ap_privateILi34ELb1ELb1EEeqEm will be added to the ProgramContainer
programModel::INFOR: Function _ZNK10ap_privateILi34ELb1ELb1EE7get_bitEi will be added to the ProgramContainer
programModel::INFOR: Function _ZN10ap_privateILi33ELb1ELb1EEaSILi34ELb1EEERS0_RKS_IXT_EXT0_EXleT_Li64EEE will be added to the ProgramContainer
programModel::INFOR: Function _ZNK10ap_privateILi32ELb1ELb1EEngEv will be added to the ProgramContainer
programModel::INFOR: Function _ZNK10ap_privateILi1ELb0ELb1EEmiILi32ELb1EEENS0_5RTypeIXT_EXT0_EE5minusERKS_IXT_EXT0_EXleT_Li64EEE will be added to the ProgramContainer
programModel::INFOR: Function _ZN10ap_privateILi33ELb1ELb1EEC1El will be added to the ProgramContainer
programModel::INFOR: Function _ZN10ap_privateILi33ELb1ELb1EEC2El will be added to the ProgramContainer
programModel::INFOR: Function _ZN10ap_privateILi32ELb0ELb1EEaSILi33ELb1EEERS0_RKS_IXT_EXT0_EXleT_Li64EEE will be added to the ProgramContainer
programModel::INFOR: Function _Z7sw_gemvv will be added to the ProgramContainer
programModel::INFOR: Function _Z9print_matPdii will be added to the ProgramContainer
programModel::INFOR: Function _ZNK13ap_fixed_baseILi25ELi7ELb1EL9ap_q_mode5EL9ap_o_mode3ELi0EEcvdEv will be added to the ProgramContainer
programModel::INFOR: Function _ZNK13ap_fixed_baseILi25ELi7ELb1EL9ap_q_mode5EL9ap_o_mode3ELi0EE9to_doubleEv will be added to the ProgramContainer
programModel::INFOR: Function _ZNK10ap_privateILi25ELb1ELb1EEntEv will be added to the ProgramContainer
programModel::INFOR: Function _ZNK10ap_privateILi25ELb1ELb1EE15get_cleared_VALEv will be added to the ProgramContainer
programModel::INFOR: Function _ZNK10ap_privateILi25ELb1ELb1EE7get_bitEi will be added to the ProgramContainer
programModel::INFOR: Function _ZN11ap_int_baseILi25ELb0EEC1Ei will be added to the ProgramContainer
programModel::INFOR: Function _ZN11ap_int_baseILi25ELb0EEC2Ei will be added to the ProgramContainer
programModel::INFOR: Function _ZN10ap_privateILi25ELb0ELb1EEC1Ei will be added to the ProgramContainer
programModel::INFOR: Function _ZN10ap_privateILi25ELb0ELb1EEC2Ei will be added to the ProgramContainer
programModel::INFOR: Function _ZN10ap_privateILi25ELb0ELb1EE10set_canaryEv will be added to the ProgramContainer
programModel::INFOR: Function _ZN10ap_privateILi25ELb0ELb1EE15clearUnusedBitsEv will be added to the ProgramContainer
programModel::INFOR: Function _ZN10ap_privateILi25ELb0ELb1EE12check_canaryEv will be added to the ProgramContainer
programModel::INFOR: Function _ZN12ssdm_int_simILi25ELb0EEC2E10ap_privateILi25ELb0ELb1EE will be added to the ProgramContainer
programModel::INFOR: Function _ZN10ap_privateILi25ELb0ELb1EEaSEi will be added to the ProgramContainer
programModel::INFOR: Function _ZN10ap_privateILi25ELb0ELb1EEaSILi25ELb1EEERS0_RKS_IXT_EXT0_EXleT_Li64EEE will be added to the ProgramContainer
programModel::INFOR: Function _ZNK11ap_int_baseILi25ELb0EE17countLeadingZerosEv will be added to the ProgramContainer
programModel::INFOR: Function _ZNK10ap_privateILi25ELb0ELb1EE17countLeadingZerosEv will be added to the ProgramContainer
programModel::INFOR: Function _ZNK10ap_privateILi25ELb0ELb1EE15get_cleared_VALEv will be added to the ProgramContainer
programModel::INFOR: Function _ZNK10ap_privateILi25ELb0ELb1EEcvjEv will be added to the ProgramContainer
programModel::INFOR: Function _ZNK10ap_privateILi25ELb1ELb1EEngEv will be added to the ProgramContainer
programModel::INFOR: Function _ZNK10ap_privateILi1ELb0ELb1EEmiILi25ELb1EEENS0_5RTypeIXT_EXT0_EE5minusERKS_IXT_EXT0_EXleT_Li64EEE will be added to the ProgramContainer
programModel::INFOR: Function _ZN10ap_privateILi26ELb1ELb1EEC1El will be added to the ProgramContainer
programModel::INFOR: Function _ZN10ap_privateILi26ELb1ELb1EEC2El will be added to the ProgramContainer
programModel::INFOR: Function _ZN10ap_privateILi26ELb1ELb1EE10set_canaryEv will be added to the ProgramContainer
programModel::INFOR: Function _ZN10ap_privateILi26ELb1ELb1EE15clearUnusedBitsEv will be added to the ProgramContainer
programModel::INFOR: Function _ZN10ap_privateILi26ELb1ELb1EE12check_canaryEv will be added to the ProgramContainer
programModel::INFOR: Function _ZN10ap_privateILi25ELb0ELb1EEaSILi26ELb1EEERS0_RKS_IXT_EXT0_EXleT_Li64EEE will be added to the ProgramContainer
programModel::INFOR: Function _ZNK10ap_privateILi26ELb1ELb1EE15get_cleared_VALEv will be added to the ProgramContainer
programModel::INFOR: Function _ZN3hls6streamINS_4axisI8ap_fixedILi32ELi16EL9ap_q_mode5EL9ap_o_mode3ELi0EELm0ELm0ELm0ELh56ELb0EEELi0EED1Ev will be added to the ProgramContainer
programModel::INFOR: Function _ZN3hls6streamINS_4axisI8ap_fixedILi32ELi16EL9ap_q_mode5EL9ap_o_mode3ELi0EELm0ELm0ELm0ELh56ELb0EEELi0EED2Ev will be added to the ProgramContainer
programModel::INFOR: Function _ZN3hls6streamINS_4axisI8ap_fixedILi25ELi7EL9ap_q_mode5EL9ap_o_mode3ELi0EELm0ELm0ELm0ELh56ELb0EEELi0EED1Ev will be added to the ProgramContainer
programModel::INFOR: Function _ZN3hls6streamINS_4axisI8ap_fixedILi25ELi7EL9ap_q_mode5EL9ap_o_mode3ELi0EELm0ELm0ELm0ELh56ELb0EEELi0EED2Ev will be added to the ProgramContainer
programModel::INFOR: Function __dtor__ZStL8__ioinit will be added to the ProgramContainer
