# 
# Steps log generated by v++
# This log file contains a collection of steps that describe the kernel compilation flow
# Note: Some steps are tagged as internal, these steps are for debugging purposes and 
#       are not expected to be able to run independently.
# 

# The following environment variables are set when running vitis-run
Environment variables :
------------------------------------------
SHELL=/bin/bash
SESSION_MANAGER=local/cachaca.scdeec.tecnico.ulisboa.pt:@/tmp/.ICE-unix/1980,unix/cachaca.scdeec.tecnico.ulisboa.pt:/tmp/.ICE-unix/1980
QT_ACCESSIBILITY=1
XDG_CONFIG_DIRS=/etc/xdg/xdg-cinnamon:/etc/xdg
XDG_SESSION_PATH=/org/freedesktop/DisplayManager/Session0
RDI_APPROOT=/opt/Xilinx/Vitis/2024.1
RDI_JAVA_PLATFORM=
TK_LIBRARY=/opt/Xilinx/Vitis/2024.1/tps/tk/tk8.5
LANGUAGE=en_US:en
FREETYPE_PROPERTIES=truetype:interpreter-version=35
XIL_SUPPRESS_OVERRIDE_WARNINGS=1
RDI_BINROOT=/opt/Xilinx/Vitis/2024.1/bin
LC_ADDRESS=pt_PT.UTF-8
XILINX_VIVADO=/opt/Xilinx/Vivado/2024.1
JAVA_HOME=/opt/Xilinx/Vitis/2024.1/tps/lnx64/jre11.0.16_1/
LC_NAME=pt_PT.UTF-8
SSH_AUTH_SOCK=/run/user/1103088/keyring/ssh
RDI_OPT_EXT=.o
RDI_INSTALLVER=2024.1
RDI_INSTALLROOT=/opt/Xilinx
CINNAMON_VERSION=6.0.4
THEIA_DEFAULT_PLUGINS=local-dir:/opt/Xilinx/Vitis/2024.1/ide/electron-app/lnx64/resources/app/plugins
RDI_PATCHROOT=
DESKTOP_SESSION=cinnamon
LC_MONETARY=pt_PT.UTF-8
GTK_MODULES=gail:atk-bridge
XDG_SEAT=seat0
XIL_NO_OVERRIDE=0
RDI_LIBDIR=/opt/Xilinx/Vitis/2024.1/lib/lnx64.o/Default:/opt/Xilinx/Vitis/2024.1/lib/lnx64.o
KRB5CCNAME=FILE:/tmp/krb5cc_1103088_2m5gfo
PWD=/afs/.ist.utl.pt/users/8/8/ist1103088/Desktop/CoProj/CoProj-Lab2/hls/axil_fixed_gemv
LOGNAME=ist1103088
XDG_SESSION_DESKTOP=cinnamon
QT_QPA_PLATFORMTHEME=qt5ct
THEIA_ELECTRON_VERSION=15.5.7
XDG_SESSION_TYPE=x11
_RDI_DONT_SET_XILINX_AS_PATH=True
GPG_AGENT_INFO=/run/user/1103088/gnupg/S.gpg-agent:0:1
XAUTHORITY=/afs/.ist.utl.pt/users/8/8/ist1103088/.Xauthority
RDI_PREPEND_PATH=/opt/Xilinx/Vitis/2024.1/bin
XDG_GREETER_DATA_DIR=/var/lib/lightdm-data/ist1103088
XILINX_DSP=
GJS_DEBUG_TOPICS=JS ERROR;JS LOG
THEIA_PLUGINS=local-dir:/afs/.ist.utl.pt/users/8/8/ist1103088/.theia/plugins
HOME=/afs/.ist.utl.pt/users/8/8/ist1103088
SYNTH_COMMON=/opt/Xilinx/Vitis/2024.1/scripts/rt/data
LANG=en_US.UTF-8
LC_PAPER=pt_PT.UTF-8
XDG_CURRENT_DESKTOP=X-Cinnamon
XILINX_HLS=/opt/Xilinx/Vitis_HLS/2024.1
XDG_SEAT_PATH=/org/freedesktop/DisplayManager/Seat0
RDI_BUILD=yes
RDI_PROG=/opt/Xilinx/Vitis/2024.1/bin/unwrapped/lnx64.o/vitis-run
RDI_SESSION_INFO=/afs/.ist.utl.pt/users/8/8/ist1103088:cachaca.scdeec.tecnico.ulisboa.pt_1749729226_14868
DOTNET_BUNDLE_EXTRACT_BASE_DIR=/afs/.ist.utl.pt/users/8/8/ist1103088/.cache/dotnet_bundle_extract
CHROME_DESKTOP=Vitis Unified IDE.desktop
RT_TCL_PATH=/opt/Xilinx/Vitis/2024.1/scripts/rt/base_tcl/tcl
GJS_DEBUG_OUTPUT=stderr
XILINX_SDK=/opt/Xilinx/Vitis/2024.1
RDI_SHARED_DATA=/opt/Xilinx/SharedData/2024.1/data
VSCODE_API_VERSION=1.53.2
XDG_SESSION_CLASS=user
PYTHONPATH=/opt/Xilinx/Vitis/2024.1/cli/:/opt/Xilinx/Vitis/2024.1/cli/python-packages/site-packages:/opt/Xilinx/Vitis/2024.1/cli/proto:/opt/Xilinx/Vitis/2024.1/tps/lnx64/python-3.8.3/lib/python3.8/lib-dynload/:/opt/Xilinx/Vitis/2024.1/tps/lnx64/python-3.8.3/lib/python3.8/:/opt/Xilinx/Vitis/2024.1/tps/lnx64/python-3.8.3/lib/python3.8/lib-dynload/:/opt/Xilinx/Vitis/2024.1/tps/lnx64/python-3.8.3/lib/python3.8:/opt/Xilinx/Vitis/2024.1/cli/:/opt/Xilinx/Vitis/2024.1/cli/python-packages/site-packages:/opt/Xilinx/Vitis/2024.1/cli/python-packages/lnx64:/opt/Xilinx/Vitis/2024.1/cli/proto:/opt/Xilinx/Vitis/2024.1/scripts/python_pkg
LC_IDENTIFICATION=pt_PT.UTF-8
PYTHONHOME=/opt/Xilinx/Vitis/2024.1/tps/lnx64/python-3.8.3/
LIBVIRT_DEFAULT_URI=qemu:///system
USER=ist1103088
XILINX_PLANAHEAD=/opt/Xilinx/Vitis/2024.1
RDI_BASEROOT=/opt/Xilinx/Vitis
LOPPER_DTC_FLAGS=-b 0 -@
RDI_TPS_ROOT=/opt/Xilinx/Vivado/2024.1/tps/lnx64
RDI_JAVA_VERSION=11.0.16_1
IDE_SKIP_SERVER_LICENSE=1
RDI_DATADIR=/opt/Xilinx/Vitis/2024.1/data
THEIA_ELECTRON_TOKEN={"value":"18155196-6d8c-44c7-87d4-20a38eb43e79"}
DISPLAY=:0
SHLVL=3
LC_TELEPHONE=pt_PT.UTF-8
RDI_USE_JDK11=1
LC_MEASUREMENT=pt_PT.UTF-8
XDG_VTNR=7
XILINX_VIVADO_HLS=/opt/Xilinx/Vivado/2024.1
XIL_CHECK_TCL_DEBUG=False
XDG_SESSION_ID=c2
LD_LIBRARY_PATH=/opt/Xilinx/Vitis/2024.1/tps/lnx64/java-cef-95.0.4638.69/bin/lib/linux64:/opt/Xilinx/Vitis/2024.1/tps/lnx64/javafx-sdk-11.0.2/lib:/opt/Xilinx/Vitis/2024.1/lib/lnx64.o/Default:/opt/Xilinx/Vitis/2024.1/lib/lnx64.o:/opt/Xilinx/Vitis/2024.1/tps/lnx64/jre11.0.16_1/lib/:/opt/Xilinx/Vitis/2024.1/tps/lnx64/jre11.0.16_1/lib//server:/opt/Xilinx/Vitis/2024.1/lib/lnx64.o/Default:/opt/Xilinx/Vitis/2024.1/lib/lnx64.o:/opt/Xilinx/Vitis/2024.1/tps/lnx64/cmake-3.24.2/libs/Default:/opt/Xilinx/Vitis/2024.1/tps/lnx64/cmake-3.24.2/libs:/opt/Xilinx/Vitis/2024.1/lib/lnx64.o/Default:/opt/Xilinx/Vitis/2024.1/lib/lnx64.o:/opt/Xilinx/Vitis/2024.1/tps/lnx64/python-3.8.3/lib:/opt/Xilinx/Vitis/2024.1/tps/lnx64/cmake-3.24.2/libs/Default:/opt/Xilinx/Vitis/2024.1/tps/lnx64/cmake-3.24.2/libs:/opt/Xilinx/Vitis/2024.1/lib/lnx64.o:/opt/Xilinx/Vitis/2024.1/lib/lnx64.o/Default:/opt/Xilinx/Vitis/2024.1/lib/lnx64.o:/opt/Xilinx/Vitis/2024.1/tps/lnx64/python-3.8.3/lib:/opt/Xilinx/Vitis/2024.1/aietools/lib/lnx64.o:/opt/Xilinx/Vitis_HLS/2024.1/lib/lnx64.o/Default:/opt/Xilinx/Vitis_HLS/2024.1/lib/lnx64.o:/opt/Xilinx/Vitis_HLS/2024.1/lib/lnx64.o:/opt/Xilinx/Vitis/2024.1/bin/../lnx64/tools/dot/lib
HDIPRELDPATH=/opt/Xilinx/Vitis/2024.1/lib/lnx64.o/Default:/opt/Xilinx/Vitis/2024.1/lib/lnx64.o:/opt/Xilinx/Vitis/2024.1/tps/lnx64/cmake-3.24.2/libs/Default:/opt/Xilinx/Vitis/2024.1/tps/lnx64/cmake-3.24.2/libs:/opt/Xilinx/Vitis/2024.1/lib/lnx64.o/Default:/opt/Xilinx/Vitis/2024.1/lib/lnx64.o:/opt/Xilinx/Vitis/2024.1/tps/lnx64/python-3.8.3/lib:/opt/Xilinx/Vitis/2024.1/tps/lnx64/cmake-3.24.2/libs/Default:/opt/Xilinx/Vitis/2024.1/tps/lnx64/cmake-3.24.2/libs:/opt/Xilinx/Vitis/2024.1/lib/lnx64.o:/opt/Xilinx/Vitis/2024.1/lib/lnx64.o/Default:/opt/Xilinx/Vitis/2024.1/lib/lnx64.o:/opt/Xilinx/Vitis/2024.1/tps/lnx64/python-3.8.3/lib:/opt/Xilinx/Vitis/2024.1/aietools/lib/lnx64.o:/opt/Xilinx/Vitis_HLS/2024.1/lib/lnx64.o/Default:/opt/Xilinx/Vitis_HLS/2024.1/lib/lnx64.o:/opt/Xilinx/Vitis_HLS/2024.1/lib/lnx64.o:/opt/Xilinx/Vitis/2024.1/bin/../lnx64/tools/dot/lib
XDG_RUNTIME_DIR=/run/user/1103088
TCMALLOC_LARGE_ALLOC_REPORT_THRESHOLD=4294967296
TCL_LIBRARY=/opt/Xilinx/Vitis/2024.1/tps/tcl/tcl8.6
LC_ALL=en_US.UTF-8
GTK3_MODULES=xapp-gtk3-module
XDG_DATA_DIRS=/usr/share/cinnamon:/usr/share/gnome:/afs/.ist.utl.pt/users/8/8/ist1103088/.local/share/flatpak/exports/share:/var/lib/flatpak/exports/share:/usr/local/share:/usr/share
PATH=/opt/Xilinx/Vivado/2024.1/tps/lnx64/binutils-2.26/bin:/opt/Xilinx/Vitis/2024.1/bin/../gnu/aarch64/lin/aarch64-linux/bin:/opt/Xilinx/Vitis/2024.1/bin/../gnu/ppc64le/4.9.3/lnx64/bin:/opt/Xilinx/Vitis/2024.1/bin/../gnu/aarch32/lin/gcc-arm-linux-gnueabi/bin:/opt/Xilinx/Vivado/2024.1/tps/lnx64/gcc-8.3.0/bin:/opt/Xilinx/Vivado/2024.1/gnu/microblaze/lin/bin:/opt/Xilinx/Vitis/2024.1/bin:/opt/Xilinx/Vitis/2024.1/tps/lnx64/jre11.0.16_1/bin:/opt/Xilinx/Vitis/2024.1/gnu/microblaze/lin/bin:/opt/Xilinx/Vitis/2024.1/gnu/arm/lin/bin:/opt/Xilinx/Vitis/2024.1/gnu/microblaze/linux_toolchain/nt64_be/bin:/opt/Xilinx/Vitis/2024.1/gnu/microblaze/linux_toolchain/nt64_le/bin:/opt/Xilinx/Vitis/2024.1/gnu/aarch32/lin/gcc-arm-linux-gnueabi/bin:/opt/Xilinx/Vitis/2024.1/gnu/aarch32/lin/gcc-arm-none-eabi/bin:/opt/Xilinx/Vitis/2024.1/gnu/aarch64/lin/aarch64-linux/bin:/opt/Xilinx/Vitis/2024.1/gnu/aarch64/lin/aarch64-none/bin:/opt/Xilinx/Vitis/2024.1/gnu/armr5/lin/gcc-arm-none-eabi/bin:/opt/Xilinx/Vitis/2024.1/tps/lnx64/cmake-3.24.2/bin:/opt/Xilinx/Vitis/2024.1/lnx64/tools/clang/bin:/opt/Xilinx/Vitis/2024.1/tps/lnx64/python-3.8.3//bin:/opt/Xilinx/Vitis/2024.1/tps/lnx64/jre11.0.16_1//bin:/bin:/opt/Xilinx/Vivado/2024.1/bin:/opt/Xilinx/Vitis/2024.1/tps/lnx64/git-2.16.2/bin:/opt/Xilinx/Vitis/2024.1/gnu/riscv/lin/riscv64-unknown-elf/bin:/opt/Xilinx/Vitis_HLS/2024.1/bin:/opt/Xilinx/Vitis/2024.1/aietools/bin:/opt/Xilinx/Model_Composer/2024.1/bin:/opt/Xilinx/Vitis/2024.1/gnu/microblaze/linux_toolchain/lin64_le/bin:/opt/Xilinx/DocNav:/opt/riscv64-C-Compiler/riscv64-unknown-elf-gcc-8.3.0-2020.04.1-x86_64-linux-ubuntu14/bin/:/usr/local/sbin:/usr/local/bin:/usr/sbin:/usr/bin:/sbin:/usr/games:/usr/local/games:/snap/bin:/afs/.ist.utl.pt/users/8/8/ist1103088/.dotnet/tools
RT_LIBPATH=/opt/Xilinx/Vitis/2024.1/scripts/rt/data
GDMSESSION=cinnamon
ORIGINAL_XDG_CURRENT_DESKTOP=X-Cinnamon
HDI_APPROOT=/opt/Xilinx/Vitis/2024.1
DBUS_SESSION_BUS_ADDRESS=unix:path=/run/user/1103088/bus
RDI_PLATFORM=lnx64
THEIA_APP_PROJECT_PATH=/opt/Xilinx/Vitis/2024.1/ide/electron-app/lnx64/resources/app
MYVIVADO=
BUILDINFO=SW Build 5074859 on 2024-05-20-23:21:20
ISL_IOSTREAMS_RSA=/opt/Xilinx/Vitis/2024.1/tps/isl
GIO_LAUNCHED_DESKTOP_FILE_PID=14868
GIO_LAUNCHED_DESKTOP_FILE=/usr/share/applications/vitis.desktop
LC_NUMERIC=C
XILINX_VITIS=/opt/Xilinx/Vitis/2024.1
OLDPWD=/opt/Xilinx/Vitis/2024.1/bin
_=/opt/Xilinx/Vitis/2024.1/bin/unwrapped/lnx64.o/vitis-run
XILINX_CD_CONNECT_ID=33693
XILINX_CD_SESSION=3d53fa2a-28c9-486e-bf32-41e97b4c20e3


VITIS-RUN command line:
------------------------------------------
/opt/Xilinx/Vitis/2024.1/bin/unwrapped/lnx64.o/vitis-run --mode hls --csim --config /afs/.ist.utl.pt/users/8/8/ist1103088/Desktop/CoProj/CoProj-Lab2/hls/axil_fixed_gemv/hls_config.cfg --work_dir axis_gemv_fixed 

FINAL PROGRAM OPTIONS
--config /afs/.ist.utl.pt/users/8/8/ist1103088/Desktop/CoProj/CoProj-Lab2/hls/axil_fixed_gemv/hls_config.cfg
--csim
--hls.clock 10ns
--hls.clock_uncertainty 27%
--hls.csim.code_analyzer 1
--hls.flow_target vivado
--hls.package.output.format ip_catalog
--hls.package.output.syn false
--hls.syn.file /afs/.ist.utl.pt/users/8/8/ist1103088/Desktop/CoProj/CoProj-Lab2/code/axis_gemv_fixed/axis_gemv_fixed.cpp
--hls.syn.file /afs/.ist.utl.pt/users/8/8/ist1103088/Desktop/CoProj/CoProj-Lab2/code/axis_gemv_fixed/axis_gemv_fixed.h
--hls.syn.top axis_gemv_fixed
--hls.tb.file /afs/.ist.utl.pt/users/8/8/ist1103088/Desktop/CoProj/CoProj-Lab2/code/axis_gemv_fixed/tb_axis_gemv_fixed.cpp
--mode hls
--part xc7z010clg400-1
--work_dir axis_gemv_fixed

PARSED COMMAND LINE OPTIONS
--mode hls 
--csim 
--config /afs/.ist.utl.pt/users/8/8/ist1103088/Desktop/CoProj/CoProj-Lab2/hls/axil_fixed_gemv/hls_config.cfg 
--work_dir axis_gemv_fixed 

PARSED CONFIG FILE (1) OPTIONS
file: /afs/.ist.utl.pt/users/8/8/ist1103088/Desktop/CoProj/CoProj-Lab2/hls/axil_fixed_gemv/hls_config.cfg
part xc7z010clg400-1 
hls.flow_target vivado 
hls.package.output.format ip_catalog 
hls.package.output.syn false 
hls.syn.top axis_gemv_fixed 
hls.syn.file /afs/.ist.utl.pt/users/8/8/ist1103088/Desktop/CoProj/CoProj-Lab2/code/axis_gemv_fixed/axis_gemv_fixed.cpp 
hls.syn.file /afs/.ist.utl.pt/users/8/8/ist1103088/Desktop/CoProj/CoProj-Lab2/code/axis_gemv_fixed/axis_gemv_fixed.h 
hls.tb.file /afs/.ist.utl.pt/users/8/8/ist1103088/Desktop/CoProj/CoProj-Lab2/code/axis_gemv_fixed/tb_axis_gemv_fixed.cpp 
hls.clock 10ns 
hls.clock_uncertainty 27% 
hls.csim.code_analyzer 1 


==========================================
new:  steps log generated by v++ for new launch 
timestamp: 12 Jun 2025 12:54:56
------------------------------------------
VITIS-RUN internal step: writing a config file for vitis_hls: /afs/.ist.utl.pt/users/8/8/ist1103088/Desktop/CoProj/CoProj-Lab2/hls/axil_fixed_gemv/axis_gemv_fixed/hls/config.cmdline
timestamp: 12 Jun 2025 12:54:56
VITIS-RUN internal step status: success
------------------------------------------
VITIS-RUN internal step: running vitis_hls
timestamp: 12 Jun 2025 12:54:56
working dir: /afs/.ist.utl.pt/users/8/8/ist1103088/Desktop/CoProj/CoProj-Lab2/hls/axil_fixed_gemv
cmd: vitis_hls -nolog -run csim -work_dir /afs/.ist.utl.pt/users/8/8/ist1103088/Desktop/CoProj/CoProj-Lab2/hls/axil_fixed_gemv/axis_gemv_fixed -config /afs/.ist.utl.pt/users/8/8/ist1103088/Desktop/CoProj/CoProj-Lab2/hls/axil_fixed_gemv/hls_config.cfg -cmdlineconfig /afs/.ist.utl.pt/users/8/8/ist1103088/Desktop/CoProj/CoProj-Lab2/hls/axil_fixed_gemv/axis_gemv_fixed/hls/config.cmdline
VITIS-RUN internal step status: success

------------------------------------------
V++ command line :
------------------------------------------
/opt/Xilinx/Vitis/2024.1/bin/unwrapped/lnx64.o/v++ -c --mode hls --config /afs/.ist.utl.pt/users/8/8/ist1103088/Desktop/CoProj/CoProj-Lab2/hls/axil_fixed_gemv/hls_config.cfg --work_dir axis_gemv_fixed 
  Options from -O    : 
  Options from *.ini : 
  Options from Hw Platform : 

==========================================
new:  steps log generated by v++ for new launch 
timestamp: 12 Jun 2025 12:55:52
------------------------------------------
V++ internal step: writing a config file for vitis_hls: /afs/.ist.utl.pt/users/8/8/ist1103088/Desktop/CoProj/CoProj-Lab2/hls/axil_fixed_gemv/axis_gemv_fixed/hls/config.cmdline
timestamp: 12 Jun 2025 12:55:52
V++ internal step status: success
------------------------------------------
V++ internal step: running vitis_hls
timestamp: 12 Jun 2025 12:55:52
working dir: /afs/.ist.utl.pt/users/8/8/ist1103088/Desktop/CoProj/CoProj-Lab2/hls/axil_fixed_gemv
cmd: vitis_hls -nolog -run csynth -work_dir /afs/.ist.utl.pt/users/8/8/ist1103088/Desktop/CoProj/CoProj-Lab2/hls/axil_fixed_gemv/axis_gemv_fixed -config /afs/.ist.utl.pt/users/8/8/ist1103088/Desktop/CoProj/CoProj-Lab2/hls/axil_fixed_gemv/hls_config.cfg -cmdlineconfig /afs/.ist.utl.pt/users/8/8/ist1103088/Desktop/CoProj/CoProj-Lab2/hls/axil_fixed_gemv/axis_gemv_fixed/hls/config.cmdline
V++ internal step status: success

------------------------------------------
VITIS-RUN command line :
------------------------------------------
/opt/Xilinx/Vitis/2024.1/bin/unwrapped/lnx64.o/vitis-run --mode hls --cosim --config /afs/.ist.utl.pt/users/8/8/ist1103088/Desktop/CoProj/CoProj-Lab2/hls/axil_fixed_gemv/hls_config.cfg --work_dir axis_gemv_fixed 
  Options from -O    : 
  Options from *.ini : 
  Options from Hw Platform : 

==========================================
new:  steps log generated by v++ for new launch 
timestamp: 12 Jun 2025 12:56:43
------------------------------------------
VITIS-RUN internal step: writing a config file for vitis_hls: /afs/.ist.utl.pt/users/8/8/ist1103088/Desktop/CoProj/CoProj-Lab2/hls/axil_fixed_gemv/axis_gemv_fixed/hls/config.cmdline
timestamp: 12 Jun 2025 12:56:43
VITIS-RUN internal step status: success
------------------------------------------
VITIS-RUN internal step: running vitis_hls
timestamp: 12 Jun 2025 12:56:43
working dir: /afs/.ist.utl.pt/users/8/8/ist1103088/Desktop/CoProj/CoProj-Lab2/hls/axil_fixed_gemv
cmd: vitis_hls -nolog -run cosim -work_dir /afs/.ist.utl.pt/users/8/8/ist1103088/Desktop/CoProj/CoProj-Lab2/hls/axil_fixed_gemv/axis_gemv_fixed -config /afs/.ist.utl.pt/users/8/8/ist1103088/Desktop/CoProj/CoProj-Lab2/hls/axil_fixed_gemv/hls_config.cfg -cmdlineconfig /afs/.ist.utl.pt/users/8/8/ist1103088/Desktop/CoProj/CoProj-Lab2/hls/axil_fixed_gemv/axis_gemv_fixed/hls/config.cmdline
VITIS-RUN internal step status: fail

------------------------------------------
VITIS-RUN command line :
------------------------------------------
/opt/Xilinx/Vitis/2024.1/bin/unwrapped/lnx64.o/vitis-run --mode hls --cosim --config /afs/.ist.utl.pt/users/8/8/ist1103088/Desktop/CoProj/CoProj-Lab2/hls/axil_fixed_gemv/hls_config.cfg --work_dir axis_gemv_fixed 
  Options from -O    : 
  Options from *.ini : 
  Options from Hw Platform : 

==========================================
new:  steps log generated by v++ for new launch 
timestamp: 12 Jun 2025 13:07:02
------------------------------------------
VITIS-RUN internal step: writing a config file for vitis_hls: /afs/.ist.utl.pt/users/8/8/ist1103088/Desktop/CoProj/CoProj-Lab2/hls/axil_fixed_gemv/axis_gemv_fixed/hls/config.cmdline
timestamp: 12 Jun 2025 13:07:02
VITIS-RUN internal step status: success
------------------------------------------
VITIS-RUN internal step: running vitis_hls
timestamp: 12 Jun 2025 13:07:02
working dir: /afs/.ist.utl.pt/users/8/8/ist1103088/Desktop/CoProj/CoProj-Lab2/hls/axil_fixed_gemv
cmd: vitis_hls -nolog -run cosim -work_dir /afs/.ist.utl.pt/users/8/8/ist1103088/Desktop/CoProj/CoProj-Lab2/hls/axil_fixed_gemv/axis_gemv_fixed -config /afs/.ist.utl.pt/users/8/8/ist1103088/Desktop/CoProj/CoProj-Lab2/hls/axil_fixed_gemv/hls_config.cfg -cmdlineconfig /afs/.ist.utl.pt/users/8/8/ist1103088/Desktop/CoProj/CoProj-Lab2/hls/axil_fixed_gemv/axis_gemv_fixed/hls/config.cmdline
VITIS-RUN internal step status: fail

------------------------------------------
VITIS-RUN command line :
------------------------------------------
/opt/Xilinx/Vitis/2024.1/bin/unwrapped/lnx64.o/vitis-run --mode hls --cosim --config /afs/.ist.utl.pt/users/8/8/ist1103088/Desktop/CoProj/CoProj-Lab2/hls/axil_fixed_gemv/hls_config.cfg --work_dir axis_gemv_fixed 
  Options from -O    : 
  Options from *.ini : 
  Options from Hw Platform : 

==========================================
new:  steps log generated by v++ for new launch 
timestamp: 12 Jun 2025 13:14:56
------------------------------------------
VITIS-RUN internal step: writing a config file for vitis_hls: /afs/.ist.utl.pt/users/8/8/ist1103088/Desktop/CoProj/CoProj-Lab2/hls/axil_fixed_gemv/axis_gemv_fixed/hls/config.cmdline
timestamp: 12 Jun 2025 13:14:56
VITIS-RUN internal step status: success
------------------------------------------
VITIS-RUN internal step: running vitis_hls
timestamp: 12 Jun 2025 13:14:56
working dir: /afs/.ist.utl.pt/users/8/8/ist1103088/Desktop/CoProj/CoProj-Lab2/hls/axil_fixed_gemv
cmd: vitis_hls -nolog -run cosim -work_dir /afs/.ist.utl.pt/users/8/8/ist1103088/Desktop/CoProj/CoProj-Lab2/hls/axil_fixed_gemv/axis_gemv_fixed -config /afs/.ist.utl.pt/users/8/8/ist1103088/Desktop/CoProj/CoProj-Lab2/hls/axil_fixed_gemv/hls_config.cfg -cmdlineconfig /afs/.ist.utl.pt/users/8/8/ist1103088/Desktop/CoProj/CoProj-Lab2/hls/axil_fixed_gemv/axis_gemv_fixed/hls/config.cmdline
VITIS-RUN internal step status: fail
